<?xml version="1.0" encoding="UTF-8"?>
<!-- Generated by org.testng.reporters.JUnitReportReporter -->
<testsuite skipped="0" hostname="DESKTOP-U4DRQHD" name="Adminpanel.Storefront.Registration" tests="1" failures="0" timestamp="20 Apr 2023 08:59:24 GMT" time="27.749" errors="0">
  <testcase name="test1" time="27.749" classname="Adminpanel.Storefront.Registration"/>
</testsuite> <!-- Adminpanel.Storefront.Registration -->
