<?xml version="1.0" encoding="UTF-8"?>
<!-- Generated by org.testng.reporters.JUnitReportReporter -->
<testsuite skipped="0" hostname="DESKTOP-U4DRQHD" name="Adminpanel.Storefront.Bannerads" tests="2" failures="0" timestamp="02 May 2023 04:45:36 GMT" time="47.260" errors="0">
  <testcase name="test1" time="24.887" classname="Adminpanel.Storefront.Bannerads"/>
  <testcase name="test2" time="22.373" classname="Adminpanel.Storefront.Bannerads"/>
</testsuite> <!-- Adminpanel.Storefront.Bannerads -->
