<?xml version="1.0" encoding="UTF-8"?>
<!-- Generated by org.testng.reporters.JUnitReportReporter -->
<testsuite skipped="0" hostname="DESKTOP-U4DRQHD" name="Adminpanel.Storefront.Popularproducts" tests="2" failures="0" timestamp="02 May 2023 05:59:24 GMT" time="135.028" errors="0">
  <testcase name="test1" time="109.429" classname="Adminpanel.Storefront.Popularproducts"/>
  <testcase name="test2" time="25.599" classname="Adminpanel.Storefront.Popularproducts"/>
</testsuite> <!-- Adminpanel.Storefront.Popularproducts -->
