<?xml version="1.0" encoding="UTF-8"?>
<!-- Generated by org.testng.reporters.JUnitReportReporter -->
<testsuite hostname="DESKTOP-O2MUR00" failures="0" tests="20" name="com.sb.testcases.TC_Register_seller" time="91.757" errors="0" timestamp="2023-08-07T13:41:22 IST" skipped="0">
  <testcase classname="com.sb.testcases.TC_Register_seller" name="TC_RF_020" time="7.083"/>
  <testcase classname="com.sb.testcases.TC_Register_seller" name="TC_RF_017" time="7.013"/>
  <testcase classname="com.sb.testcases.TC_Register_seller" name="TC_RF_009" time="3.222"/>
  <testcase classname="com.sb.testcases.TC_Register_seller" name="TC_RF_019" time="7.051"/>
  <testcase classname="com.sb.testcases.TC_Register_seller" name="TC_RF_003" time="3.259"/>
  <testcase classname="com.sb.testcases.TC_Register_seller" name="TC_RF_002" time="6.020"/>
  <testcase classname="com.sb.testcases.TC_Register_seller" name="TC_RF_007" time="3.395"/>
  <testcase classname="com.sb.testcases.TC_Register_seller" name="TC_RF_004" time="3.292"/>
  <testcase classname="com.sb.testcases.TC_Register_seller" name="TC_RF_011" time="3.261"/>
  <testcase classname="com.sb.testcases.TC_Register_seller" name="TC_RF_013" time="2.296"/>
  <testcase classname="com.sb.testcases.TC_Register_seller" name="TC_RF_014" time="3.470"/>
  <testcase classname="com.sb.testcases.TC_Register_seller" name="TC_RF_006" time="3.293"/>
  <testcase classname="com.sb.testcases.TC_Register_seller" name="TC_RF_015" time="7.560"/>
  <testcase classname="com.sb.testcases.TC_Register_seller" name="TC_RF_005" time="3.325"/>
  <testcase classname="com.sb.testcases.TC_Register_seller" name="TC_RF_010" time="3.333"/>
  <testcase classname="com.sb.testcases.TC_Register_seller" name="TC_RF_012" time="3.075"/>
  <testcase classname="com.sb.testcases.TC_Register_seller" name="TC_RF_008" time="3.213"/>
  <testcase classname="com.sb.testcases.TC_Register_seller" name="TC_RF_001" time="3.520"/>
  <testcase classname="com.sb.testcases.TC_Register_seller" name="TC_RF_016" time="7.082"/>
  <testcase classname="com.sb.testcases.TC_Register_seller" name="TC_RF_018" time="7.994"/>
</testsuite> <!-- com.sb.testcases.TC_Register_seller -->
