<?xml version="1.0" encoding="UTF-8"?>
<!-- Generated by org.testng.reporters.JUnitReportReporter -->
<testsuite hostname="DESKTOP-O2MUR00" failures="0" tests="441" name="com.sb.pageobject.analytics.TC_Register_seller_excel" time="2.261" errors="2" timestamp="2023-08-18T17:29:42 IST" skipped="439">
  <testcase classname="com.sb.pageobject.analytics.TC_Register_seller_excel" name="TC_RF_014" time="2.191">
    <skipped/>
  </testcase> <!-- TC_RF_014 -->
  <testcase classname="com.sb.pageobject.analytics.TC_Register_seller_excel" name="TC_RF_006" time="0.000">
    <skipped/>
  </testcase> <!-- TC_RF_006 -->
  <testcase classname="com.sb.pageobject.analytics.TC_Register_seller_excel" name="TC_RF_013" time="0.000">
    <skipped/>
  </testcase> <!-- TC_RF_013 -->
  <testcase classname="com.sb.pageobject.analytics.TC_Register_seller_excel" name="TC_RF_007" time="0.000">
    <skipped/>
  </testcase> <!-- TC_RF_007 -->
  <testcase classname="com.sb.pageobject.analytics.TC_Register_seller_excel" name="TC_RF_015" time="0.000">
    <skipped/>
  </testcase> <!-- TC_RF_015 -->
  <testcase classname="com.sb.pageobject.analytics.TC_Register_seller_excel" name="TC_RF_001" time="0.000">
    <skipped/>
  </testcase> <!-- TC_RF_001 -->
  <testcase classname="com.sb.pageobject.analytics.TC_Register_seller_excel" name="TC_RF_016" time="0.000">
    <skipped/>
  </testcase> <!-- TC_RF_016 -->
  <testcase classname="com.sb.pageobject.analytics.TC_Register_seller_excel" name="TC_RF_006" time="0.000">
    <skipped/>
  </testcase> <!-- TC_RF_006 -->
  <testcase classname="com.sb.pageobject.analytics.TC_Register_seller_excel" name="TC_RF_016" time="0.000">
    <skipped/>
  </testcase> <!-- TC_RF_016 -->
  <testcase classname="com.sb.pageobject.analytics.TC_Register_seller_excel" name="TC_RF_003" time="0.000">
    <skipped/>
  </testcase> <!-- TC_RF_003 -->
  <testcase classname="com.sb.pageobject.analytics.TC_Register_seller_excel" name="TC_RF_014" time="0.000">
    <skipped/>
  </testcase> <!-- TC_RF_014 -->
  <testcase classname="com.sb.pageobject.analytics.TC_Register_seller_excel" name="TC_RF_020" time="0.000">
    <skipped/>
  </testcase> <!-- TC_RF_020 -->
  <testcase classname="com.sb.pageobject.analytics.TC_Register_seller_excel" name="TC_RF_003" time="0.000">
    <skipped/>
  </testcase> <!-- TC_RF_003 -->
  <testcase classname="com.sb.pageobject.analytics.TC_Register_seller_excel" name="TC_RF_008" time="0.000">
    <skipped/>
  </testcase> <!-- TC_RF_008 -->
  <testcase classname="com.sb.pageobject.analytics.TC_Register_seller_excel" name="TC_RF_012" time="0.000">
    <skipped/>
  </testcase> <!-- TC_RF_012 -->
  <testcase classname="com.sb.pageobject.analytics.TC_Register_seller_excel" name="TC_RF_013" time="0.000">
    <skipped/>
  </testcase> <!-- TC_RF_013 -->
  <testcase classname="com.sb.pageobject.analytics.TC_Register_seller_excel" name="TC_RF_014" time="0.000">
    <skipped/>
  </testcase> <!-- TC_RF_014 -->
  <testcase classname="com.sb.pageobject.analytics.TC_Register_seller_excel" name="TC_RF_013" time="0.000">
    <skipped/>
  </testcase> <!-- TC_RF_013 -->
  <testcase classname="com.sb.pageobject.analytics.TC_Register_seller_excel" name="TC_RF_010" time="0.000">
    <skipped/>
  </testcase> <!-- TC_RF_010 -->
  <testcase classname="com.sb.pageobject.analytics.TC_Register_seller_excel" name="TC_RF_019" time="0.000">
    <skipped/>
  </testcase> <!-- TC_RF_019 -->
  <testcase classname="com.sb.pageobject.analytics.TC_Register_seller_excel" name="TC_RF_020" time="0.000">
    <skipped/>
  </testcase> <!-- TC_RF_020 -->
  <testcase classname="com.sb.pageobject.analytics.TC_Register_seller_excel" name="TC_RF_007" time="0.000">
    <skipped/>
  </testcase> <!-- TC_RF_007 -->
  <testcase classname="com.sb.pageobject.analytics.TC_Register_seller_excel" name="TC_RF_004" time="0.000">
    <skipped/>
  </testcase> <!-- TC_RF_004 -->
  <testcase classname="com.sb.pageobject.analytics.TC_Register_seller_excel" name="TC_RF_012" time="0.000">
    <skipped/>
  </testcase> <!-- TC_RF_012 -->
  <testcase classname="com.sb.pageobject.analytics.TC_Register_seller_excel" name="TC_RF_012" time="0.000">
    <skipped/>
  </testcase> <!-- TC_RF_012 -->
  <testcase classname="com.sb.pageobject.analytics.TC_Register_seller_excel" name="TC_RF_017" time="0.000">
    <skipped/>
  </testcase> <!-- TC_RF_017 -->
  <testcase classname="com.sb.pageobject.analytics.TC_Register_seller_excel" name="TC_RF_011" time="0.000">
    <skipped/>
  </testcase> <!-- TC_RF_011 -->
  <testcase classname="com.sb.pageobject.analytics.TC_Register_seller_excel" name="TC_RF_015" time="0.000">
    <skipped/>
  </testcase> <!-- TC_RF_015 -->
  <testcase classname="com.sb.pageobject.analytics.TC_Register_seller_excel" name="TC_RF_016" time="0.000">
    <skipped/>
  </testcase> <!-- TC_RF_016 -->
  <testcase classname="com.sb.pageobject.analytics.TC_Register_seller_excel" name="TC_RF_018" time="0.000">
    <skipped/>
  </testcase> <!-- TC_RF_018 -->
  <testcase classname="com.sb.pageobject.analytics.TC_Register_seller_excel" name="TC_RF_005" time="0.000">
    <skipped/>
  </testcase> <!-- TC_RF_005 -->
  <testcase classname="com.sb.pageobject.analytics.TC_Register_seller_excel" name="TC_RF_002" time="0.000">
    <skipped/>
  </testcase> <!-- TC_RF_002 -->
  <testcase classname="com.sb.pageobject.analytics.TC_Register_seller_excel" name="TC_RF_014" time="0.000">
    <skipped/>
  </testcase> <!-- TC_RF_014 -->
  <testcase classname="com.sb.pageobject.analytics.TC_Register_seller_excel" name="TC_RF_008" time="0.000">
    <skipped/>
  </testcase> <!-- TC_RF_008 -->
  <testcase classname="com.sb.pageobject.analytics.TC_Register_seller_excel" name="TC_RF_010" time="0.000">
    <skipped/>
  </testcase> <!-- TC_RF_010 -->
  <testcase classname="com.sb.pageobject.analytics.TC_Register_seller_excel" name="TC_RF_006" time="0.000">
    <skipped/>
  </testcase> <!-- TC_RF_006 -->
  <testcase classname="com.sb.pageobject.analytics.TC_Register_seller_excel" name="TC_RF_010" time="0.000">
    <skipped/>
  </testcase> <!-- TC_RF_010 -->
  <testcase classname="com.sb.pageobject.analytics.TC_Register_seller_excel" name="TC_RF_015" time="0.000">
    <skipped/>
  </testcase> <!-- TC_RF_015 -->
  <testcase classname="com.sb.pageobject.analytics.TC_Register_seller_excel" name="TC_RF_002" time="0.000">
    <skipped/>
  </testcase> <!-- TC_RF_002 -->
  <testcase classname="com.sb.pageobject.analytics.TC_Register_seller_excel" name="TC_RF_005" time="0.000">
    <skipped/>
  </testcase> <!-- TC_RF_005 -->
  <testcase classname="com.sb.pageobject.analytics.TC_Register_seller_excel" name="TC_RF_006" time="0.000">
    <skipped/>
  </testcase> <!-- TC_RF_006 -->
  <testcase classname="com.sb.pageobject.analytics.TC_Register_seller_excel" name="TC_RF_014" time="0.000">
    <skipped/>
  </testcase> <!-- TC_RF_014 -->
  <testcase classname="com.sb.pageobject.analytics.TC_Register_seller_excel" name="TC_RF_011" time="0.000">
    <skipped/>
  </testcase> <!-- TC_RF_011 -->
  <testcase classname="com.sb.pageobject.analytics.TC_Register_seller_excel" name="TC_RF_016" time="0.000">
    <skipped/>
  </testcase> <!-- TC_RF_016 -->
  <testcase classname="com.sb.pageobject.analytics.TC_Register_seller_excel" name="TC_RF_017" time="0.000">
    <skipped/>
  </testcase> <!-- TC_RF_017 -->
  <testcase classname="com.sb.pageobject.analytics.TC_Register_seller_excel" name="TC_RF_003" time="0.000">
    <skipped/>
  </testcase> <!-- TC_RF_003 -->
  <testcase classname="com.sb.pageobject.analytics.TC_Register_seller_excel" name="TC_RF_004" time="0.000">
    <skipped/>
  </testcase> <!-- TC_RF_004 -->
  <testcase classname="com.sb.pageobject.analytics.TC_Register_seller_excel" name="TC_RF_010" time="0.000">
    <skipped/>
  </testcase> <!-- TC_RF_010 -->
  <testcase classname="com.sb.pageobject.analytics.TC_Register_seller_excel" name="TC_RF_011" time="0.000">
    <skipped/>
  </testcase> <!-- TC_RF_011 -->
  <testcase classname="com.sb.pageobject.analytics.TC_Register_seller_excel" name="TC_RF_003" time="0.000">
    <skipped/>
  </testcase> <!-- TC_RF_003 -->
  <testcase classname="com.sb.pageobject.analytics.TC_Register_seller_excel" name="TC_RF_005" time="0.000">
    <skipped/>
  </testcase> <!-- TC_RF_005 -->
  <testcase classname="com.sb.pageobject.analytics.TC_Register_seller_excel" name="TC_RF_005" time="0.000">
    <skipped/>
  </testcase> <!-- TC_RF_005 -->
  <testcase classname="com.sb.pageobject.analytics.TC_Register_seller_excel" name="TC_RF_013" time="0.000">
    <skipped/>
  </testcase> <!-- TC_RF_013 -->
  <testcase classname="com.sb.pageobject.analytics.TC_Register_seller_excel" name="TC_RF_012" time="0.000">
    <skipped/>
  </testcase> <!-- TC_RF_012 -->
  <testcase classname="com.sb.pageobject.analytics.TC_Register_seller_excel" name="TC_RF_016" time="0.000">
    <skipped/>
  </testcase> <!-- TC_RF_016 -->
  <testcase classname="com.sb.pageobject.analytics.TC_Register_seller_excel" name="TC_RF_011" time="0.000">
    <skipped/>
  </testcase> <!-- TC_RF_011 -->
  <testcase classname="com.sb.pageobject.analytics.TC_Register_seller_excel" name="TC_RF_006" time="0.000">
    <skipped/>
  </testcase> <!-- TC_RF_006 -->
  <testcase classname="com.sb.pageobject.analytics.TC_Register_seller_excel" name="TC_RF_018" time="0.000">
    <skipped/>
  </testcase> <!-- TC_RF_018 -->
  <testcase classname="com.sb.pageobject.analytics.TC_Register_seller_excel" name="TC_RF_005" time="0.000">
    <skipped/>
  </testcase> <!-- TC_RF_005 -->
  <testcase classname="com.sb.pageobject.analytics.TC_Register_seller_excel" name="TC_RF_018" time="0.000">
    <skipped/>
  </testcase> <!-- TC_RF_018 -->
  <testcase classname="com.sb.pageobject.analytics.TC_Register_seller_excel" name="TC_RF_007" time="0.000">
    <skipped/>
  </testcase> <!-- TC_RF_007 -->
  <testcase classname="com.sb.pageobject.analytics.TC_Register_seller_excel" name="TC_RF_018" time="0.000">
    <skipped/>
  </testcase> <!-- TC_RF_018 -->
  <testcase classname="com.sb.pageobject.analytics.TC_Register_seller_excel" name="TC_RF_003" time="0.000">
    <skipped/>
  </testcase> <!-- TC_RF_003 -->
  <testcase classname="com.sb.pageobject.analytics.TC_Register_seller_excel" name="TC_RF_010" time="0.000">
    <skipped/>
  </testcase> <!-- TC_RF_010 -->
  <testcase classname="com.sb.pageobject.analytics.TC_Register_seller_excel" name="reportwithclose" time="0.004">
    <error message="Cannot invoke &quot;com.aventstack.extentreports.ExtentTest.log(com.aventstack.extentreports.Status, String)&quot; because &quot;this.test&quot; is null" type="java.lang.NullPointerException">
      <![CDATA[java.lang.NullPointerException: Cannot invoke "com.aventstack.extentreports.ExtentTest.log(com.aventstack.extentreports.Status, String)" because "this.test" is null
at com.sb.baseclass.extentreports.reportwithclose(extentreports.java:41)
at java.base/jdk.internal.reflect.NativeMethodAccessorImpl.invoke0(Native Method)
at java.base/jdk.internal.reflect.NativeMethodAccessorImpl.invoke(NativeMethodAccessorImpl.java:77)
at java.base/jdk.internal.reflect.DelegatingMethodAccessorImpl.invoke(DelegatingMethodAccessorImpl.java:43)
at java.base/java.lang.reflect.Method.invoke(Method.java:568)
at org.testng.internal.invokers.MethodInvocationHelper.invokeMethod(MethodInvocationHelper.java:139)
at org.testng.internal.invokers.MethodInvocationHelper.invokeMethodConsideringTimeout(MethodInvocationHelper.java:69)
at org.testng.internal.invokers.ConfigInvoker.invokeConfigurationMethod(ConfigInvoker.java:390)
at org.testng.internal.invokers.ConfigInvoker.invokeConfigurations(ConfigInvoker.java:325)
at org.testng.internal.invokers.TestInvoker.runConfigMethods(TestInvoker.java:810)
at org.testng.internal.invokers.TestInvoker.runAfterConfigurations(TestInvoker.java:779)
at org.testng.internal.invokers.TestInvoker.invokeMethod(TestInvoker.java:755)
at org.testng.internal.invokers.TestInvoker.invokeTestMethod(TestInvoker.java:227)
at org.testng.internal.invokers.MethodRunner.runInSequence(MethodRunner.java:50)
at org.testng.internal.invokers.TestInvoker$MethodInvocationAgent.invoke(TestInvoker.java:957)
at org.testng.internal.invokers.TestInvoker.invokeTestMethods(TestInvoker.java:200)
at org.testng.internal.invokers.TestMethodWorker.invokeTestMethods(TestMethodWorker.java:148)
at org.testng.internal.invokers.TestMethodWorker.run(TestMethodWorker.java:128)
at java.base/java.util.ArrayList.forEach(ArrayList.java:1511)
at org.testng.TestRunner.privateRun(TestRunner.java:848)
at org.testng.TestRunner.run(TestRunner.java:621)
at org.testng.SuiteRunner.runTest(SuiteRunner.java:443)
at org.testng.SuiteRunner.runSequentially(SuiteRunner.java:437)
at org.testng.SuiteRunner.privateRun(SuiteRunner.java:397)
at org.testng.SuiteRunner.run(SuiteRunner.java:336)
at org.testng.SuiteRunnerWorker.runSuite(SuiteRunnerWorker.java:52)
at org.testng.SuiteRunnerWorker.run(SuiteRunnerWorker.java:95)
at org.testng.TestNG.runSuitesSequentially(TestNG.java:1280)
at org.testng.TestNG.runSuitesLocally(TestNG.java:1200)
at org.testng.TestNG.runSuites(TestNG.java:1114)
at org.testng.TestNG.run(TestNG.java:1082)
at org.testng.remote.AbstractRemoteTestNG.run(AbstractRemoteTestNG.java:115)
at org.testng.remote.RemoteTestNG.initAndRun(RemoteTestNG.java:251)
at org.testng.remote.RemoteTestNG.main(RemoteTestNG.java:77)
]]>
    </error>
  </testcase> <!-- reportwithclose -->
  <testcase classname="com.sb.pageobject.analytics.TC_Register_seller_excel" name="TC_RF_016" time="0.000">
    <skipped/>
  </testcase> <!-- TC_RF_016 -->
  <testcase classname="com.sb.pageobject.analytics.TC_Register_seller_excel" name="TC_RF_001" time="0.000">
    <skipped/>
  </testcase> <!-- TC_RF_001 -->
  <testcase classname="com.sb.pageobject.analytics.TC_Register_seller_excel" name="TC_RF_013" time="0.000">
    <skipped/>
  </testcase> <!-- TC_RF_013 -->
  <testcase classname="com.sb.pageobject.analytics.TC_Register_seller_excel" name="TC_RF_001" time="0.000">
    <skipped/>
  </testcase> <!-- TC_RF_001 -->
  <testcase classname="com.sb.pageobject.analytics.TC_Register_seller_excel" name="TC_RF_002" time="0.000">
    <skipped/>
  </testcase> <!-- TC_RF_002 -->
  <testcase classname="com.sb.pageobject.analytics.TC_Register_seller_excel" name="TC_RF_002" time="0.000">
    <skipped/>
  </testcase> <!-- TC_RF_002 -->
  <testcase classname="com.sb.pageobject.analytics.TC_Register_seller_excel" name="TC_RF_018" time="0.000">
    <skipped/>
  </testcase> <!-- TC_RF_018 -->
  <testcase classname="com.sb.pageobject.analytics.TC_Register_seller_excel" name="TC_RF_017" time="0.000">
    <skipped/>
  </testcase> <!-- TC_RF_017 -->
  <testcase classname="com.sb.pageobject.analytics.TC_Register_seller_excel" name="TC_RF_006" time="0.000">
    <skipped/>
  </testcase> <!-- TC_RF_006 -->
  <testcase classname="com.sb.pageobject.analytics.TC_Register_seller_excel" name="TC_RF_002" time="0.000">
    <skipped/>
  </testcase> <!-- TC_RF_002 -->
  <testcase classname="com.sb.pageobject.analytics.TC_Register_seller_excel" name="TC_RF_008" time="0.000">
    <skipped/>
  </testcase> <!-- TC_RF_008 -->
  <testcase classname="com.sb.pageobject.analytics.TC_Register_seller_excel" name="TC_RF_010" time="0.000">
    <skipped/>
  </testcase> <!-- TC_RF_010 -->
  <testcase classname="com.sb.pageobject.analytics.TC_Register_seller_excel" name="TC_RF_001" time="0.000">
    <skipped/>
  </testcase> <!-- TC_RF_001 -->
  <testcase classname="com.sb.pageobject.analytics.TC_Register_seller_excel" name="TC_RF_013" time="0.000">
    <skipped/>
  </testcase> <!-- TC_RF_013 -->
  <testcase classname="com.sb.pageobject.analytics.TC_Register_seller_excel" name="TC_RF_013" time="0.000">
    <skipped/>
  </testcase> <!-- TC_RF_013 -->
  <testcase classname="com.sb.pageobject.analytics.TC_Register_seller_excel" name="TC_RF_003" time="0.000">
    <skipped/>
  </testcase> <!-- TC_RF_003 -->
  <testcase classname="com.sb.pageobject.analytics.TC_Register_seller_excel" name="TC_RF_009" time="0.000">
    <skipped/>
  </testcase> <!-- TC_RF_009 -->
  <testcase classname="com.sb.pageobject.analytics.TC_Register_seller_excel" name="TC_RF_014" time="0.000">
    <skipped/>
  </testcase> <!-- TC_RF_014 -->
  <testcase classname="com.sb.pageobject.analytics.TC_Register_seller_excel" name="TC_RF_005" time="0.000">
    <skipped/>
  </testcase> <!-- TC_RF_005 -->
  <testcase classname="com.sb.pageobject.analytics.TC_Register_seller_excel" name="TC_RF_019" time="0.000">
    <skipped/>
  </testcase> <!-- TC_RF_019 -->
  <testcase classname="com.sb.pageobject.analytics.TC_Register_seller_excel" name="TC_RF_002" time="0.000">
    <skipped/>
  </testcase> <!-- TC_RF_002 -->
  <testcase classname="com.sb.pageobject.analytics.TC_Register_seller_excel" name="TC_RF_006" time="0.000">
    <skipped/>
  </testcase> <!-- TC_RF_006 -->
  <testcase classname="com.sb.pageobject.analytics.TC_Register_seller_excel" name="TC_RF_018" time="0.000">
    <skipped/>
  </testcase> <!-- TC_RF_018 -->
  <testcase classname="com.sb.pageobject.analytics.TC_Register_seller_excel" name="TC_RF_003" time="0.000">
    <skipped/>
  </testcase> <!-- TC_RF_003 -->
  <testcase classname="com.sb.pageobject.analytics.TC_Register_seller_excel" name="TC_RF_008" time="0.000">
    <skipped/>
  </testcase> <!-- TC_RF_008 -->
  <testcase classname="com.sb.pageobject.analytics.TC_Register_seller_excel" name="TC_RF_004" time="0.000">
    <skipped/>
  </testcase> <!-- TC_RF_004 -->
  <testcase classname="com.sb.pageobject.analytics.TC_Register_seller_excel" name="TC_RF_010" time="0.000">
    <skipped/>
  </testcase> <!-- TC_RF_010 -->
  <testcase classname="com.sb.pageobject.analytics.TC_Register_seller_excel" name="TC_RF_020" time="0.000">
    <skipped/>
  </testcase> <!-- TC_RF_020 -->
  <testcase classname="com.sb.pageobject.analytics.TC_Register_seller_excel" name="TC_RF_002" time="0.000">
    <skipped/>
  </testcase> <!-- TC_RF_002 -->
  <testcase classname="com.sb.pageobject.analytics.TC_Register_seller_excel" name="TC_RF_010" time="0.000">
    <skipped/>
  </testcase> <!-- TC_RF_010 -->
  <testcase classname="com.sb.pageobject.analytics.TC_Register_seller_excel" name="TC_RF_019" time="0.000">
    <skipped/>
  </testcase> <!-- TC_RF_019 -->
  <testcase classname="com.sb.pageobject.analytics.TC_Register_seller_excel" name="TC_RF_018" time="0.000">
    <skipped/>
  </testcase> <!-- TC_RF_018 -->
  <testcase classname="com.sb.pageobject.analytics.TC_Register_seller_excel" name="TC_RF_012" time="0.000">
    <skipped/>
  </testcase> <!-- TC_RF_012 -->
  <testcase classname="com.sb.pageobject.analytics.TC_Register_seller_excel" name="TC_RF_016" time="0.000">
    <skipped/>
  </testcase> <!-- TC_RF_016 -->
  <testcase classname="com.sb.pageobject.analytics.TC_Register_seller_excel" name="TC_RF_014" time="0.000">
    <skipped/>
  </testcase> <!-- TC_RF_014 -->
  <testcase classname="com.sb.pageobject.analytics.TC_Register_seller_excel" name="TC_RF_002" time="0.000">
    <skipped/>
  </testcase> <!-- TC_RF_002 -->
  <testcase classname="com.sb.pageobject.analytics.TC_Register_seller_excel" name="TC_RF_019" time="0.000">
    <skipped/>
  </testcase> <!-- TC_RF_019 -->
  <testcase classname="com.sb.pageobject.analytics.TC_Register_seller_excel" name="TC_RF_015" time="0.000">
    <skipped/>
  </testcase> <!-- TC_RF_015 -->
  <testcase classname="com.sb.pageobject.analytics.TC_Register_seller_excel" name="TC_RF_008" time="0.000">
    <skipped/>
  </testcase> <!-- TC_RF_008 -->
  <testcase classname="com.sb.pageobject.analytics.TC_Register_seller_excel" name="TC_RF_002" time="0.000">
    <skipped/>
  </testcase> <!-- TC_RF_002 -->
  <testcase classname="com.sb.pageobject.analytics.TC_Register_seller_excel" name="TC_RF_014" time="0.000">
    <skipped/>
  </testcase> <!-- TC_RF_014 -->
  <testcase classname="com.sb.pageobject.analytics.TC_Register_seller_excel" name="TC_RF_013" time="0.000">
    <skipped/>
  </testcase> <!-- TC_RF_013 -->
  <testcase classname="com.sb.pageobject.analytics.TC_Register_seller_excel" name="TC_RF_003" time="0.000">
    <skipped/>
  </testcase> <!-- TC_RF_003 -->
  <testcase classname="com.sb.pageobject.analytics.TC_Register_seller_excel" name="TC_RF_016" time="0.001">
    <skipped/>
  </testcase> <!-- TC_RF_016 -->
  <testcase classname="com.sb.pageobject.analytics.TC_Register_seller_excel" name="TC_RF_012" time="0.000">
    <skipped/>
  </testcase> <!-- TC_RF_012 -->
  <testcase classname="com.sb.pageobject.analytics.TC_Register_seller_excel" name="TC_RF_009" time="0.000">
    <skipped/>
  </testcase> <!-- TC_RF_009 -->
  <testcase classname="com.sb.pageobject.analytics.TC_Register_seller_excel" name="TC_RF_018" time="0.000">
    <skipped/>
  </testcase> <!-- TC_RF_018 -->
  <testcase classname="com.sb.pageobject.analytics.TC_Register_seller_excel" name="TC_RF_010" time="0.000">
    <skipped/>
  </testcase> <!-- TC_RF_010 -->
  <testcase classname="com.sb.pageobject.analytics.TC_Register_seller_excel" name="TC_RF_020" time="0.000">
    <skipped/>
  </testcase> <!-- TC_RF_020 -->
  <testcase classname="com.sb.pageobject.analytics.TC_Register_seller_excel" name="TC_RF_003" time="0.000">
    <skipped/>
  </testcase> <!-- TC_RF_003 -->
  <testcase classname="com.sb.pageobject.analytics.TC_Register_seller_excel" name="TC_RF_016" time="0.000">
    <skipped/>
  </testcase> <!-- TC_RF_016 -->
  <testcase classname="com.sb.pageobject.analytics.TC_Register_seller_excel" name="TC_RF_006" time="0.000">
    <skipped/>
  </testcase> <!-- TC_RF_006 -->
  <testcase classname="com.sb.pageobject.analytics.TC_Register_seller_excel" name="TC_RF_015" time="0.000">
    <skipped/>
  </testcase> <!-- TC_RF_015 -->
  <testcase classname="com.sb.pageobject.analytics.TC_Register_seller_excel" name="TC_RF_001" time="0.000">
    <skipped/>
  </testcase> <!-- TC_RF_001 -->
  <testcase classname="com.sb.pageobject.analytics.TC_Register_seller_excel" name="TC_RF_011" time="0.000">
    <skipped/>
  </testcase> <!-- TC_RF_011 -->
  <testcase classname="com.sb.pageobject.analytics.TC_Register_seller_excel" name="TC_RF_007" time="0.001">
    <skipped/>
  </testcase> <!-- TC_RF_007 -->
  <testcase classname="com.sb.pageobject.analytics.TC_Register_seller_excel" name="TC_RF_020" time="0.000">
    <skipped/>
  </testcase> <!-- TC_RF_020 -->
  <testcase classname="com.sb.pageobject.analytics.TC_Register_seller_excel" name="TC_RF_006" time="0.000">
    <skipped/>
  </testcase> <!-- TC_RF_006 -->
  <testcase classname="com.sb.pageobject.analytics.TC_Register_seller_excel" name="TC_RF_010" time="0.000">
    <skipped/>
  </testcase> <!-- TC_RF_010 -->
  <testcase classname="com.sb.pageobject.analytics.TC_Register_seller_excel" name="TC_RF_014" time="0.000">
    <skipped/>
  </testcase> <!-- TC_RF_014 -->
  <testcase classname="com.sb.pageobject.analytics.TC_Register_seller_excel" name="TC_RF_001" time="0.000">
    <skipped/>
  </testcase> <!-- TC_RF_001 -->
  <testcase classname="com.sb.pageobject.analytics.TC_Register_seller_excel" name="TC_RF_017" time="0.000">
    <skipped/>
  </testcase> <!-- TC_RF_017 -->
  <testcase classname="com.sb.pageobject.analytics.TC_Register_seller_excel" name="TC_RF_005" time="0.000">
    <skipped/>
  </testcase> <!-- TC_RF_005 -->
  <testcase classname="com.sb.pageobject.analytics.TC_Register_seller_excel" name="TC_RF_009" time="0.000">
    <skipped/>
  </testcase> <!-- TC_RF_009 -->
  <testcase classname="com.sb.pageobject.analytics.TC_Register_seller_excel" name="TC_RF_012" time="0.000">
    <skipped/>
  </testcase> <!-- TC_RF_012 -->
  <testcase classname="com.sb.pageobject.analytics.TC_Register_seller_excel" name="TC_RF_005" time="0.000">
    <skipped/>
  </testcase> <!-- TC_RF_005 -->
  <testcase classname="com.sb.pageobject.analytics.TC_Register_seller_excel" name="TC_RF_013" time="0.000">
    <skipped/>
  </testcase> <!-- TC_RF_013 -->
  <testcase classname="com.sb.pageobject.analytics.TC_Register_seller_excel" name="TC_RF_007" time="0.000">
    <skipped/>
  </testcase> <!-- TC_RF_007 -->
  <testcase classname="com.sb.pageobject.analytics.TC_Register_seller_excel" name="TC_RF_019" time="0.000">
    <skipped/>
  </testcase> <!-- TC_RF_019 -->
  <testcase classname="com.sb.pageobject.analytics.TC_Register_seller_excel" name="TC_RF_009" time="0.000">
    <skipped/>
  </testcase> <!-- TC_RF_009 -->
  <testcase classname="com.sb.pageobject.analytics.TC_Register_seller_excel" name="TC_RF_017" time="0.000">
    <skipped/>
  </testcase> <!-- TC_RF_017 -->
  <testcase classname="com.sb.pageobject.analytics.TC_Register_seller_excel" name="TC_RF_007" time="0.000">
    <skipped/>
  </testcase> <!-- TC_RF_007 -->
  <testcase classname="com.sb.pageobject.analytics.TC_Register_seller_excel" name="TC_RF_014" time="0.000">
    <skipped/>
  </testcase> <!-- TC_RF_014 -->
  <testcase classname="com.sb.pageobject.analytics.TC_Register_seller_excel" name="TC_RF_005" time="0.000">
    <skipped/>
  </testcase> <!-- TC_RF_005 -->
  <testcase classname="com.sb.pageobject.analytics.TC_Register_seller_excel" name="TC_RF_004" time="0.000">
    <skipped/>
  </testcase> <!-- TC_RF_004 -->
  <testcase classname="com.sb.pageobject.analytics.TC_Register_seller_excel" name="TC_RF_004" time="0.000">
    <skipped/>
  </testcase> <!-- TC_RF_004 -->
  <testcase classname="com.sb.pageobject.analytics.TC_Register_seller_excel" name="TC_RF_017" time="0.000">
    <skipped/>
  </testcase> <!-- TC_RF_017 -->
  <testcase classname="com.sb.pageobject.analytics.TC_Register_seller_excel" name="TC_RF_002" time="0.000">
    <skipped/>
  </testcase> <!-- TC_RF_002 -->
  <testcase classname="com.sb.pageobject.analytics.TC_Register_seller_excel" name="TC_RF_001" time="0.000">
    <skipped/>
  </testcase> <!-- TC_RF_001 -->
  <testcase classname="com.sb.pageobject.analytics.TC_Register_seller_excel" name="TC_RF_020" time="0.000">
    <skipped/>
  </testcase> <!-- TC_RF_020 -->
  <testcase classname="com.sb.pageobject.analytics.TC_Register_seller_excel" name="TC_RF_010" time="0.000">
    <skipped/>
  </testcase> <!-- TC_RF_010 -->
  <testcase classname="com.sb.pageobject.analytics.TC_Register_seller_excel" name="TC_RF_003" time="0.000">
    <skipped/>
  </testcase> <!-- TC_RF_003 -->
  <testcase classname="com.sb.pageobject.analytics.TC_Register_seller_excel" name="TC_RF_019" time="0.000">
    <skipped/>
  </testcase> <!-- TC_RF_019 -->
  <testcase classname="com.sb.pageobject.analytics.TC_Register_seller_excel" name="TC_RF_015" time="0.000">
    <skipped/>
  </testcase> <!-- TC_RF_015 -->
  <testcase classname="com.sb.pageobject.analytics.TC_Register_seller_excel" name="TC_RF_008" time="0.000">
    <skipped/>
  </testcase> <!-- TC_RF_008 -->
  <testcase classname="com.sb.pageobject.analytics.TC_Register_seller_excel" name="TC_RF_011" time="0.000">
    <skipped/>
  </testcase> <!-- TC_RF_011 -->
  <testcase classname="com.sb.pageobject.analytics.TC_Register_seller_excel" name="TC_RF_020" time="0.000">
    <skipped/>
  </testcase> <!-- TC_RF_020 -->
  <testcase classname="com.sb.pageobject.analytics.TC_Register_seller_excel" name="TC_RF_003" time="0.000">
    <skipped/>
  </testcase> <!-- TC_RF_003 -->
  <testcase classname="com.sb.pageobject.analytics.TC_Register_seller_excel" name="TC_RF_011" time="0.000">
    <skipped/>
  </testcase> <!-- TC_RF_011 -->
  <testcase classname="com.sb.pageobject.analytics.TC_Register_seller_excel" name="TC_RF_008" time="0.000">
    <skipped/>
  </testcase> <!-- TC_RF_008 -->
  <testcase classname="com.sb.pageobject.analytics.TC_Register_seller_excel" name="TC_RF_016" time="0.000">
    <skipped/>
  </testcase> <!-- TC_RF_016 -->
  <testcase classname="com.sb.pageobject.analytics.TC_Register_seller_excel" name="TC_RF_001" time="0.000">
    <skipped/>
  </testcase> <!-- TC_RF_001 -->
  <testcase classname="com.sb.pageobject.analytics.TC_Register_seller_excel" name="TC_RF_015" time="0.000">
    <skipped/>
  </testcase> <!-- TC_RF_015 -->
  <testcase classname="com.sb.pageobject.analytics.TC_Register_seller_excel" name="TC_RF_012" time="0.000">
    <skipped/>
  </testcase> <!-- TC_RF_012 -->
  <testcase classname="com.sb.pageobject.analytics.TC_Register_seller_excel" name="TC_RF_013" time="0.000">
    <skipped/>
  </testcase> <!-- TC_RF_013 -->
  <testcase classname="com.sb.pageobject.analytics.TC_Register_seller_excel" name="TC_RF_014" time="0.000">
    <skipped/>
  </testcase> <!-- TC_RF_014 -->
  <testcase classname="com.sb.pageobject.analytics.TC_Register_seller_excel" name="TC_RF_002" time="0.000">
    <skipped/>
  </testcase> <!-- TC_RF_002 -->
  <testcase classname="com.sb.pageobject.analytics.TC_Register_seller_excel" name="TC_RF_019" time="0.000">
    <skipped/>
  </testcase> <!-- TC_RF_019 -->
  <testcase classname="com.sb.pageobject.analytics.TC_Register_seller_excel" name="TC_RF_004" time="0.000">
    <skipped/>
  </testcase> <!-- TC_RF_004 -->
  <testcase classname="com.sb.pageobject.analytics.TC_Register_seller_excel" name="TC_RF_015" time="0.000">
    <skipped/>
  </testcase> <!-- TC_RF_015 -->
  <testcase classname="com.sb.pageobject.analytics.TC_Register_seller_excel" name="TC_RF_006" time="0.000">
    <skipped/>
  </testcase> <!-- TC_RF_006 -->
  <testcase classname="com.sb.pageobject.analytics.TC_Register_seller_excel" name="TC_RF_010" time="0.000">
    <skipped/>
  </testcase> <!-- TC_RF_010 -->
  <testcase classname="com.sb.pageobject.analytics.TC_Register_seller_excel" name="TC_RF_007" time="0.000">
    <skipped/>
  </testcase> <!-- TC_RF_007 -->
  <testcase classname="com.sb.pageobject.analytics.TC_Register_seller_excel" name="TC_RF_011" time="0.000">
    <skipped/>
  </testcase> <!-- TC_RF_011 -->
  <testcase classname="com.sb.pageobject.analytics.TC_Register_seller_excel" name="TC_RF_009" time="0.000">
    <skipped/>
  </testcase> <!-- TC_RF_009 -->
  <testcase classname="com.sb.pageobject.analytics.TC_Register_seller_excel" name="TC_RF_012" time="0.000">
    <skipped/>
  </testcase> <!-- TC_RF_012 -->
  <testcase classname="com.sb.pageobject.analytics.TC_Register_seller_excel" name="TC_RF_011" time="0.000">
    <skipped/>
  </testcase> <!-- TC_RF_011 -->
  <testcase classname="com.sb.pageobject.analytics.TC_Register_seller_excel" name="TC_RF_020" time="0.000">
    <skipped/>
  </testcase> <!-- TC_RF_020 -->
  <testcase classname="com.sb.pageobject.analytics.TC_Register_seller_excel" name="TC_RF_013" time="0.000">
    <skipped/>
  </testcase> <!-- TC_RF_013 -->
  <testcase classname="com.sb.pageobject.analytics.TC_Register_seller_excel" name="TC_RF_015" time="0.000">
    <skipped/>
  </testcase> <!-- TC_RF_015 -->
  <testcase classname="com.sb.pageobject.analytics.TC_Register_seller_excel" name="TC_RF_010" time="0.000">
    <skipped/>
  </testcase> <!-- TC_RF_010 -->
  <testcase classname="com.sb.pageobject.analytics.TC_Register_seller_excel" name="TC_RF_005" time="0.000">
    <skipped/>
  </testcase> <!-- TC_RF_005 -->
  <testcase classname="com.sb.pageobject.analytics.TC_Register_seller_excel" name="TC_RF_020" time="0.000">
    <skipped/>
  </testcase> <!-- TC_RF_020 -->
  <testcase classname="com.sb.pageobject.analytics.TC_Register_seller_excel" name="TC_RF_015" time="0.000">
    <skipped/>
  </testcase> <!-- TC_RF_015 -->
  <testcase classname="com.sb.pageobject.analytics.TC_Register_seller_excel" name="TC_RF_017" time="0.000">
    <skipped/>
  </testcase> <!-- TC_RF_017 -->
  <testcase classname="com.sb.pageobject.analytics.TC_Register_seller_excel" name="TC_RF_018" time="0.000">
    <skipped/>
  </testcase> <!-- TC_RF_018 -->
  <testcase classname="com.sb.pageobject.analytics.TC_Register_seller_excel" name="TC_RF_002" time="0.000">
    <skipped/>
  </testcase> <!-- TC_RF_002 -->
  <testcase classname="com.sb.pageobject.analytics.TC_Register_seller_excel" name="TC_RF_019" time="0.000">
    <skipped/>
  </testcase> <!-- TC_RF_019 -->
  <testcase classname="com.sb.pageobject.analytics.TC_Register_seller_excel" name="TC_RF_007" time="0.000">
    <skipped/>
  </testcase> <!-- TC_RF_007 -->
  <testcase classname="com.sb.pageobject.analytics.TC_Register_seller_excel" name="TC_RF_016" time="0.000">
    <skipped/>
  </testcase> <!-- TC_RF_016 -->
  <testcase classname="com.sb.pageobject.analytics.TC_Register_seller_excel" name="TC_RF_018" time="0.000">
    <skipped/>
  </testcase> <!-- TC_RF_018 -->
  <testcase classname="com.sb.pageobject.analytics.TC_Register_seller_excel" name="TC_RF_013" time="0.000">
    <skipped/>
  </testcase> <!-- TC_RF_013 -->
  <testcase classname="com.sb.pageobject.analytics.TC_Register_seller_excel" name="TC_RF_007" time="0.000">
    <skipped/>
  </testcase> <!-- TC_RF_007 -->
  <testcase classname="com.sb.pageobject.analytics.TC_Register_seller_excel" name="TC_RF_018" time="0.000">
    <skipped/>
  </testcase> <!-- TC_RF_018 -->
  <testcase classname="com.sb.pageobject.analytics.TC_Register_seller_excel" name="TC_RF_020" time="0.000">
    <skipped/>
  </testcase> <!-- TC_RF_020 -->
  <testcase classname="com.sb.pageobject.analytics.TC_Register_seller_excel" name="TC_RF_006" time="0.000">
    <skipped/>
  </testcase> <!-- TC_RF_006 -->
  <testcase classname="com.sb.pageobject.analytics.TC_Register_seller_excel" name="TC_RF_004" time="0.000">
    <skipped/>
  </testcase> <!-- TC_RF_004 -->
  <testcase classname="com.sb.pageobject.analytics.TC_Register_seller_excel" name="TC_RF_011" time="0.000">
    <skipped/>
  </testcase> <!-- TC_RF_011 -->
  <testcase classname="com.sb.pageobject.analytics.TC_Register_seller_excel" name="TC_RF_002" time="0.000">
    <skipped/>
  </testcase> <!-- TC_RF_002 -->
  <testcase classname="com.sb.pageobject.analytics.TC_Register_seller_excel" name="TC_RF_017" time="0.000">
    <skipped/>
  </testcase> <!-- TC_RF_017 -->
  <testcase classname="com.sb.pageobject.analytics.TC_Register_seller_excel" name="TC_RF_004" time="0.000">
    <skipped/>
  </testcase> <!-- TC_RF_004 -->
  <testcase classname="com.sb.pageobject.analytics.TC_Register_seller_excel" name="TC_RF_009" time="0.000">
    <skipped/>
  </testcase> <!-- TC_RF_009 -->
  <testcase classname="com.sb.pageobject.analytics.TC_Register_seller_excel" name="TC_RF_012" time="0.000">
    <skipped/>
  </testcase> <!-- TC_RF_012 -->
  <testcase classname="com.sb.pageobject.analytics.TC_Register_seller_excel" name="TC_RF_018" time="0.000">
    <skipped/>
  </testcase> <!-- TC_RF_018 -->
  <testcase classname="com.sb.pageobject.analytics.TC_Register_seller_excel" name="TC_RF_010" time="0.000">
    <skipped/>
  </testcase> <!-- TC_RF_010 -->
  <testcase classname="com.sb.pageobject.analytics.TC_Register_seller_excel" name="TC_RF_015" time="0.000">
    <skipped/>
  </testcase> <!-- TC_RF_015 -->
  <testcase classname="com.sb.pageobject.analytics.TC_Register_seller_excel" name="TC_RF_015" time="0.000">
    <skipped/>
  </testcase> <!-- TC_RF_015 -->
  <testcase classname="com.sb.pageobject.analytics.TC_Register_seller_excel" name="TC_RF_005" time="0.000">
    <skipped/>
  </testcase> <!-- TC_RF_005 -->
  <testcase classname="com.sb.pageobject.analytics.TC_Register_seller_excel" name="TC_RF_001" time="0.001">
    <skipped/>
  </testcase> <!-- TC_RF_001 -->
  <testcase classname="com.sb.pageobject.analytics.TC_Register_seller_excel" name="TC_RF_011" time="0.000">
    <skipped/>
  </testcase> <!-- TC_RF_011 -->
  <testcase classname="com.sb.pageobject.analytics.TC_Register_seller_excel" name="TC_RF_012" time="0.000">
    <skipped/>
  </testcase> <!-- TC_RF_012 -->
  <testcase classname="com.sb.pageobject.analytics.TC_Register_seller_excel" name="TC_RF_001" time="0.000">
    <skipped/>
  </testcase> <!-- TC_RF_001 -->
  <testcase classname="com.sb.pageobject.analytics.TC_Register_seller_excel" name="TC_RF_013" time="0.000">
    <skipped/>
  </testcase> <!-- TC_RF_013 -->
  <testcase classname="com.sb.pageobject.analytics.TC_Register_seller_excel" name="TC_RF_003" time="0.000">
    <skipped/>
  </testcase> <!-- TC_RF_003 -->
  <testcase classname="com.sb.pageobject.analytics.TC_Register_seller_excel" name="TC_RF_012" time="0.000">
    <skipped/>
  </testcase> <!-- TC_RF_012 -->
  <testcase classname="com.sb.pageobject.analytics.TC_Register_seller_excel" name="TC_RF_007" time="0.000">
    <skipped/>
  </testcase> <!-- TC_RF_007 -->
  <testcase classname="com.sb.pageobject.analytics.TC_Register_seller_excel" name="TC_RF_014" time="0.000">
    <skipped/>
  </testcase> <!-- TC_RF_014 -->
  <testcase classname="com.sb.pageobject.analytics.TC_Register_seller_excel" name="TC_RF_004" time="0.000">
    <skipped/>
  </testcase> <!-- TC_RF_004 -->
  <testcase classname="com.sb.pageobject.analytics.TC_Register_seller_excel" name="TC_RF_012" time="0.000">
    <skipped/>
  </testcase> <!-- TC_RF_012 -->
  <testcase classname="com.sb.pageobject.analytics.TC_Register_seller_excel" name="TC_RF_017" time="0.000">
    <skipped/>
  </testcase> <!-- TC_RF_017 -->
  <testcase classname="com.sb.pageobject.analytics.TC_Register_seller_excel" name="TC_RF_008" time="0.000">
    <skipped/>
  </testcase> <!-- TC_RF_008 -->
  <testcase classname="com.sb.pageobject.analytics.TC_Register_seller_excel" name="TC_RF_001" time="0.000">
    <skipped/>
  </testcase> <!-- TC_RF_001 -->
  <testcase classname="com.sb.pageobject.analytics.TC_Register_seller_excel" name="TC_RF_015" time="0.001">
    <skipped/>
  </testcase> <!-- TC_RF_015 -->
  <testcase classname="com.sb.pageobject.analytics.TC_Register_seller_excel" name="TC_RF_004" time="0.000">
    <skipped/>
  </testcase> <!-- TC_RF_004 -->
  <testcase classname="com.sb.pageobject.analytics.TC_Register_seller_excel" name="TC_RF_011" time="0.000">
    <skipped/>
  </testcase> <!-- TC_RF_011 -->
  <testcase classname="com.sb.pageobject.analytics.TC_Register_seller_excel" name="TC_RF_008" time="0.000">
    <skipped/>
  </testcase> <!-- TC_RF_008 -->
  <testcase classname="com.sb.pageobject.analytics.TC_Register_seller_excel" name="TC_RF_013" time="0.000">
    <skipped/>
  </testcase> <!-- TC_RF_013 -->
  <testcase classname="com.sb.pageobject.analytics.TC_Register_seller_excel" name="TC_RF_012" time="0.000">
    <skipped/>
  </testcase> <!-- TC_RF_012 -->
  <testcase classname="com.sb.pageobject.analytics.TC_Register_seller_excel" name="TC_RF_015" time="0.000">
    <skipped/>
  </testcase> <!-- TC_RF_015 -->
  <testcase classname="com.sb.pageobject.analytics.TC_Register_seller_excel" name="TC_RF_018" time="0.000">
    <skipped/>
  </testcase> <!-- TC_RF_018 -->
  <testcase classname="com.sb.pageobject.analytics.TC_Register_seller_excel" name="TC_RF_019" time="0.000">
    <skipped/>
  </testcase> <!-- TC_RF_019 -->
  <testcase classname="com.sb.pageobject.analytics.TC_Register_seller_excel" name="TC_RF_020" time="0.000">
    <skipped/>
  </testcase> <!-- TC_RF_020 -->
  <testcase classname="com.sb.pageobject.analytics.TC_Register_seller_excel" name="TC_RF_009" time="0.000">
    <skipped/>
  </testcase> <!-- TC_RF_009 -->
  <testcase classname="com.sb.pageobject.analytics.TC_Register_seller_excel" name="TC_RF_006" time="0.000">
    <skipped/>
  </testcase> <!-- TC_RF_006 -->
  <testcase classname="com.sb.pageobject.analytics.TC_Register_seller_excel" name="TC_RF_019" time="0.000">
    <skipped/>
  </testcase> <!-- TC_RF_019 -->
  <testcase classname="com.sb.pageobject.analytics.TC_Register_seller_excel" name="TC_RF_003" time="0.000">
    <skipped/>
  </testcase> <!-- TC_RF_003 -->
  <testcase classname="com.sb.pageobject.analytics.TC_Register_seller_excel" name="TC_RF_003" time="0.000">
    <skipped/>
  </testcase> <!-- TC_RF_003 -->
  <testcase classname="com.sb.pageobject.analytics.TC_Register_seller_excel" name="TC_RF_012" time="0.000">
    <skipped/>
  </testcase> <!-- TC_RF_012 -->
  <testcase classname="com.sb.pageobject.analytics.TC_Register_seller_excel" name="TC_RF_003" time="0.000">
    <skipped/>
  </testcase> <!-- TC_RF_003 -->
  <testcase classname="com.sb.pageobject.analytics.TC_Register_seller_excel" name="TC_RF_011" time="0.000">
    <skipped/>
  </testcase> <!-- TC_RF_011 -->
  <testcase classname="com.sb.pageobject.analytics.TC_Register_seller_excel" name="TC_RF_008" time="0.000">
    <skipped/>
  </testcase> <!-- TC_RF_008 -->
  <testcase classname="com.sb.pageobject.analytics.TC_Register_seller_excel" name="TC_RF_002" time="0.000">
    <skipped/>
  </testcase> <!-- TC_RF_002 -->
  <testcase classname="com.sb.pageobject.analytics.TC_Register_seller_excel" name="TC_RF_011" time="0.000">
    <skipped/>
  </testcase> <!-- TC_RF_011 -->
  <testcase classname="com.sb.pageobject.analytics.TC_Register_seller_excel" name="TC_RF_001" time="0.000">
    <skipped/>
  </testcase> <!-- TC_RF_001 -->
  <testcase classname="com.sb.pageobject.analytics.TC_Register_seller_excel" name="TC_RF_006" time="0.000">
    <skipped/>
  </testcase> <!-- TC_RF_006 -->
  <testcase classname="com.sb.pageobject.analytics.TC_Register_seller_excel" name="TC_RF_011" time="0.000">
    <skipped/>
  </testcase> <!-- TC_RF_011 -->
  <testcase classname="com.sb.pageobject.analytics.TC_Register_seller_excel" name="TC_RF_020" time="0.000">
    <skipped/>
  </testcase> <!-- TC_RF_020 -->
  <testcase classname="com.sb.pageobject.analytics.TC_Register_seller_excel" name="TC_RF_013" time="0.000">
    <skipped/>
  </testcase> <!-- TC_RF_013 -->
  <testcase classname="com.sb.pageobject.analytics.TC_Register_seller_excel" name="TC_RF_018" time="0.000">
    <skipped/>
  </testcase> <!-- TC_RF_018 -->
  <testcase classname="com.sb.pageobject.analytics.TC_Register_seller_excel" name="TC_RF_001" time="0.000">
    <skipped/>
  </testcase> <!-- TC_RF_001 -->
  <testcase classname="com.sb.pageobject.analytics.TC_Register_seller_excel" name="TC_RF_014" time="0.000">
    <skipped/>
  </testcase> <!-- TC_RF_014 -->
  <testcase classname="com.sb.pageobject.analytics.TC_Register_seller_excel" name="TC_RF_004" time="0.000">
    <skipped/>
  </testcase> <!-- TC_RF_004 -->
  <testcase classname="com.sb.pageobject.analytics.TC_Register_seller_excel" name="TC_RF_008" time="0.000">
    <skipped/>
  </testcase> <!-- TC_RF_008 -->
  <testcase classname="com.sb.pageobject.analytics.TC_Register_seller_excel" name="TC_RF_020" time="0.000">
    <skipped/>
  </testcase> <!-- TC_RF_020 -->
  <testcase classname="com.sb.pageobject.analytics.TC_Register_seller_excel" name="TC_RF_014" time="0.000">
    <skipped/>
  </testcase> <!-- TC_RF_014 -->
  <testcase classname="com.sb.pageobject.analytics.TC_Register_seller_excel" name="TC_RF_004" time="0.000">
    <skipped/>
  </testcase> <!-- TC_RF_004 -->
  <testcase classname="com.sb.pageobject.analytics.TC_Register_seller_excel" name="TC_RF_001" time="0.056">
    <error message="Keys to send should be a not null CharSequence" type="java.lang.IllegalArgumentException">
      <![CDATA[java.lang.IllegalArgumentException: Keys to send should be a not null CharSequence
at org.openqa.selenium.remote.RemoteWebElement.sendKeys(RemoteWebElement.java:97)
at java.base/jdk.internal.reflect.NativeMethodAccessorImpl.invoke0(Native Method)
at java.base/jdk.internal.reflect.NativeMethodAccessorImpl.invoke(NativeMethodAccessorImpl.java:77)
at java.base/jdk.internal.reflect.DelegatingMethodAccessorImpl.invoke(DelegatingMethodAccessorImpl.java:43)
at java.base/java.lang.reflect.Method.invoke(Method.java:568)
at org.openqa.selenium.support.pagefactory.internal.LocatingElementHandler.invoke(LocatingElementHandler.java:51)
at jdk.proxy2/jdk.proxy2.$Proxy19.sendKeys(Unknown Source)
at com.sb.pageobject.register.seller.registerpage_createstore.register(registerpage_createstore.java:55)
at com.sb.pageobject.analytics.TC_Register_seller_excel.TC_RF_001(TC_Register_seller_excel.java:63)
at java.base/jdk.internal.reflect.NativeMethodAccessorImpl.invoke0(Native Method)
at java.base/jdk.internal.reflect.NativeMethodAccessorImpl.invoke(NativeMethodAccessorImpl.java:77)
at java.base/jdk.internal.reflect.DelegatingMethodAccessorImpl.invoke(DelegatingMethodAccessorImpl.java:43)
at java.base/java.lang.reflect.Method.invoke(Method.java:568)
at org.testng.internal.invokers.MethodInvocationHelper.invokeMethod(MethodInvocationHelper.java:139)
at org.testng.internal.invokers.TestInvoker.invokeMethod(TestInvoker.java:664)
at org.testng.internal.invokers.TestInvoker.invokeTestMethod(TestInvoker.java:227)
at org.testng.internal.invokers.MethodRunner.runInSequence(MethodRunner.java:50)
at org.testng.internal.invokers.TestInvoker$MethodInvocationAgent.invoke(TestInvoker.java:957)
at org.testng.internal.invokers.TestInvoker.invokeTestMethods(TestInvoker.java:200)
at org.testng.internal.invokers.TestMethodWorker.invokeTestMethods(TestMethodWorker.java:148)
at org.testng.internal.invokers.TestMethodWorker.run(TestMethodWorker.java:128)
at java.base/java.util.ArrayList.forEach(ArrayList.java:1511)
at org.testng.TestRunner.privateRun(TestRunner.java:848)
at org.testng.TestRunner.run(TestRunner.java:621)
at org.testng.SuiteRunner.runTest(SuiteRunner.java:443)
at org.testng.SuiteRunner.runSequentially(SuiteRunner.java:437)
at org.testng.SuiteRunner.privateRun(SuiteRunner.java:397)
at org.testng.SuiteRunner.run(SuiteRunner.java:336)
at org.testng.SuiteRunnerWorker.runSuite(SuiteRunnerWorker.java:52)
at org.testng.SuiteRunnerWorker.run(SuiteRunnerWorker.java:95)
at org.testng.TestNG.runSuitesSequentially(TestNG.java:1280)
at org.testng.TestNG.runSuitesLocally(TestNG.java:1200)
at org.testng.TestNG.runSuites(TestNG.java:1114)
at org.testng.TestNG.run(TestNG.java:1082)
at org.testng.remote.AbstractRemoteTestNG.run(AbstractRemoteTestNG.java:115)
at org.testng.remote.RemoteTestNG.initAndRun(RemoteTestNG.java:251)
at org.testng.remote.RemoteTestNG.main(RemoteTestNG.java:77)
]]>
    </error>
  </testcase> <!-- TC_RF_001 -->
  <testcase classname="com.sb.pageobject.analytics.TC_Register_seller_excel" name="TC_RF_001" time="0.000">
    <skipped/>
  </testcase> <!-- TC_RF_001 -->
  <testcase classname="com.sb.pageobject.analytics.TC_Register_seller_excel" name="TC_RF_018" time="0.000">
    <skipped/>
  </testcase> <!-- TC_RF_018 -->
  <testcase classname="com.sb.pageobject.analytics.TC_Register_seller_excel" name="TC_RF_020" time="0.000">
    <skipped/>
  </testcase> <!-- TC_RF_020 -->
  <testcase classname="com.sb.pageobject.analytics.TC_Register_seller_excel" name="TC_RF_014" time="0.000">
    <skipped/>
  </testcase> <!-- TC_RF_014 -->
  <testcase classname="com.sb.pageobject.analytics.TC_Register_seller_excel" name="TC_RF_020" time="0.000">
    <skipped/>
  </testcase> <!-- TC_RF_020 -->
  <testcase classname="com.sb.pageobject.analytics.TC_Register_seller_excel" name="TC_RF_015" time="0.000">
    <skipped/>
  </testcase> <!-- TC_RF_015 -->
  <testcase classname="com.sb.pageobject.analytics.TC_Register_seller_excel" name="TC_RF_018" time="0.000">
    <skipped/>
  </testcase> <!-- TC_RF_018 -->
  <testcase classname="com.sb.pageobject.analytics.TC_Register_seller_excel" name="TC_RF_011" time="0.000">
    <skipped/>
  </testcase> <!-- TC_RF_011 -->
  <testcase classname="com.sb.pageobject.analytics.TC_Register_seller_excel" name="TC_RF_010" time="0.000">
    <skipped/>
  </testcase> <!-- TC_RF_010 -->
  <testcase classname="com.sb.pageobject.analytics.TC_Register_seller_excel" name="TC_RF_001" time="0.000">
    <skipped/>
  </testcase> <!-- TC_RF_001 -->
  <testcase classname="com.sb.pageobject.analytics.TC_Register_seller_excel" name="TC_RF_010" time="0.000">
    <skipped/>
  </testcase> <!-- TC_RF_010 -->
  <testcase classname="com.sb.pageobject.analytics.TC_Register_seller_excel" name="TC_RF_017" time="0.000">
    <skipped/>
  </testcase> <!-- TC_RF_017 -->
  <testcase classname="com.sb.pageobject.analytics.TC_Register_seller_excel" name="TC_RF_002" time="0.000">
    <skipped/>
  </testcase> <!-- TC_RF_002 -->
  <testcase classname="com.sb.pageobject.analytics.TC_Register_seller_excel" name="TC_RF_009" time="0.000">
    <skipped/>
  </testcase> <!-- TC_RF_009 -->
  <testcase classname="com.sb.pageobject.analytics.TC_Register_seller_excel" name="TC_RF_009" time="0.000">
    <skipped/>
  </testcase> <!-- TC_RF_009 -->
  <testcase classname="com.sb.pageobject.analytics.TC_Register_seller_excel" name="TC_RF_002" time="0.000">
    <skipped/>
  </testcase> <!-- TC_RF_002 -->
  <testcase classname="com.sb.pageobject.analytics.TC_Register_seller_excel" name="TC_RF_002" time="0.000">
    <skipped/>
  </testcase> <!-- TC_RF_002 -->
  <testcase classname="com.sb.pageobject.analytics.TC_Register_seller_excel" name="TC_RF_015" time="0.000">
    <skipped/>
  </testcase> <!-- TC_RF_015 -->
  <testcase classname="com.sb.pageobject.analytics.TC_Register_seller_excel" name="TC_RF_004" time="0.000">
    <skipped/>
  </testcase> <!-- TC_RF_004 -->
  <testcase classname="com.sb.pageobject.analytics.TC_Register_seller_excel" name="TC_RF_007" time="0.000">
    <skipped/>
  </testcase> <!-- TC_RF_007 -->
  <testcase classname="com.sb.pageobject.analytics.TC_Register_seller_excel" name="TC_RF_008" time="0.000">
    <skipped/>
  </testcase> <!-- TC_RF_008 -->
  <testcase classname="com.sb.pageobject.analytics.TC_Register_seller_excel" name="TC_RF_007" time="0.000">
    <skipped/>
  </testcase> <!-- TC_RF_007 -->
  <testcase classname="com.sb.pageobject.analytics.TC_Register_seller_excel" name="TC_RF_003" time="0.000">
    <skipped/>
  </testcase> <!-- TC_RF_003 -->
  <testcase classname="com.sb.pageobject.analytics.TC_Register_seller_excel" name="TC_RF_005" time="0.000">
    <skipped/>
  </testcase> <!-- TC_RF_005 -->
  <testcase classname="com.sb.pageobject.analytics.TC_Register_seller_excel" name="TC_RF_007" time="0.000">
    <skipped/>
  </testcase> <!-- TC_RF_007 -->
  <testcase classname="com.sb.pageobject.analytics.TC_Register_seller_excel" name="TC_RF_017" time="0.000">
    <skipped/>
  </testcase> <!-- TC_RF_017 -->
  <testcase classname="com.sb.pageobject.analytics.TC_Register_seller_excel" name="TC_RF_004" time="0.000">
    <skipped/>
  </testcase> <!-- TC_RF_004 -->
  <testcase classname="com.sb.pageobject.analytics.TC_Register_seller_excel" name="TC_RF_009" time="0.000">
    <skipped/>
  </testcase> <!-- TC_RF_009 -->
  <testcase classname="com.sb.pageobject.analytics.TC_Register_seller_excel" name="TC_RF_015" time="0.000">
    <skipped/>
  </testcase> <!-- TC_RF_015 -->
  <testcase classname="com.sb.pageobject.analytics.TC_Register_seller_excel" name="TC_RF_017" time="0.000">
    <skipped/>
  </testcase> <!-- TC_RF_017 -->
  <testcase classname="com.sb.pageobject.analytics.TC_Register_seller_excel" name="TC_RF_017" time="0.000">
    <skipped/>
  </testcase> <!-- TC_RF_017 -->
  <testcase classname="com.sb.pageobject.analytics.TC_Register_seller_excel" name="TC_RF_006" time="0.000">
    <skipped/>
  </testcase> <!-- TC_RF_006 -->
  <testcase classname="com.sb.pageobject.analytics.TC_Register_seller_excel" name="TC_RF_007" time="0.000">
    <skipped/>
  </testcase> <!-- TC_RF_007 -->
  <testcase classname="com.sb.pageobject.analytics.TC_Register_seller_excel" name="TC_RF_007" time="0.000">
    <skipped/>
  </testcase> <!-- TC_RF_007 -->
  <testcase classname="com.sb.pageobject.analytics.TC_Register_seller_excel" name="TC_RF_012" time="0.000">
    <skipped/>
  </testcase> <!-- TC_RF_012 -->
  <testcase classname="com.sb.pageobject.analytics.TC_Register_seller_excel" name="TC_RF_006" time="0.000">
    <skipped/>
  </testcase> <!-- TC_RF_006 -->
  <testcase classname="com.sb.pageobject.analytics.TC_Register_seller_excel" name="TC_RF_013" time="0.000">
    <skipped/>
  </testcase> <!-- TC_RF_013 -->
  <testcase classname="com.sb.pageobject.analytics.TC_Register_seller_excel" name="TC_RF_011" time="0.000">
    <skipped/>
  </testcase> <!-- TC_RF_011 -->
  <testcase classname="com.sb.pageobject.analytics.TC_Register_seller_excel" name="TC_RF_017" time="0.000">
    <skipped/>
  </testcase> <!-- TC_RF_017 -->
  <testcase classname="com.sb.pageobject.analytics.TC_Register_seller_excel" name="TC_RF_004" time="0.000">
    <skipped/>
  </testcase> <!-- TC_RF_004 -->
  <testcase classname="com.sb.pageobject.analytics.TC_Register_seller_excel" name="TC_RF_014" time="0.000">
    <skipped/>
  </testcase> <!-- TC_RF_014 -->
  <testcase classname="com.sb.pageobject.analytics.TC_Register_seller_excel" name="TC_RF_008" time="0.000">
    <skipped/>
  </testcase> <!-- TC_RF_008 -->
  <testcase classname="com.sb.pageobject.analytics.TC_Register_seller_excel" name="TC_RF_006" time="0.000">
    <skipped/>
  </testcase> <!-- TC_RF_006 -->
  <testcase classname="com.sb.pageobject.analytics.TC_Register_seller_excel" name="TC_RF_018" time="0.000">
    <skipped/>
  </testcase> <!-- TC_RF_018 -->
  <testcase classname="com.sb.pageobject.analytics.TC_Register_seller_excel" name="TC_RF_001" time="0.000">
    <skipped/>
  </testcase> <!-- TC_RF_001 -->
  <testcase classname="com.sb.pageobject.analytics.TC_Register_seller_excel" name="TC_RF_019" time="0.000">
    <skipped/>
  </testcase> <!-- TC_RF_019 -->
  <testcase classname="com.sb.pageobject.analytics.TC_Register_seller_excel" name="TC_RF_013" time="0.000">
    <skipped/>
  </testcase> <!-- TC_RF_013 -->
  <testcase classname="com.sb.pageobject.analytics.TC_Register_seller_excel" name="TC_RF_008" time="0.000">
    <skipped/>
  </testcase> <!-- TC_RF_008 -->
  <testcase classname="com.sb.pageobject.analytics.TC_Register_seller_excel" name="TC_RF_017" time="0.000">
    <skipped/>
  </testcase> <!-- TC_RF_017 -->
  <testcase classname="com.sb.pageobject.analytics.TC_Register_seller_excel" name="TC_RF_009" time="0.000">
    <skipped/>
  </testcase> <!-- TC_RF_009 -->
  <testcase classname="com.sb.pageobject.analytics.TC_Register_seller_excel" name="TC_RF_007" time="0.000">
    <skipped/>
  </testcase> <!-- TC_RF_007 -->
  <testcase classname="com.sb.pageobject.analytics.TC_Register_seller_excel" name="TC_RF_008" time="0.000">
    <skipped/>
  </testcase> <!-- TC_RF_008 -->
  <testcase classname="com.sb.pageobject.analytics.TC_Register_seller_excel" name="TC_RF_003" time="0.000">
    <skipped/>
  </testcase> <!-- TC_RF_003 -->
  <testcase classname="com.sb.pageobject.analytics.TC_Register_seller_excel" name="TC_RF_020" time="0.000">
    <skipped/>
  </testcase> <!-- TC_RF_020 -->
  <testcase classname="com.sb.pageobject.analytics.TC_Register_seller_excel" name="TC_RF_012" time="0.000">
    <skipped/>
  </testcase> <!-- TC_RF_012 -->
  <testcase classname="com.sb.pageobject.analytics.TC_Register_seller_excel" name="TC_RF_012" time="0.000">
    <skipped/>
  </testcase> <!-- TC_RF_012 -->
  <testcase classname="com.sb.pageobject.analytics.TC_Register_seller_excel" name="TC_RF_009" time="0.000">
    <skipped/>
  </testcase> <!-- TC_RF_009 -->
  <testcase classname="com.sb.pageobject.analytics.TC_Register_seller_excel" name="TC_RF_015" time="0.000">
    <skipped/>
  </testcase> <!-- TC_RF_015 -->
  <testcase classname="com.sb.pageobject.analytics.TC_Register_seller_excel" name="TC_RF_020" time="0.000">
    <skipped/>
  </testcase> <!-- TC_RF_020 -->
  <testcase classname="com.sb.pageobject.analytics.TC_Register_seller_excel" name="TC_RF_019" time="0.000">
    <skipped/>
  </testcase> <!-- TC_RF_019 -->
  <testcase classname="com.sb.pageobject.analytics.TC_Register_seller_excel" name="TC_RF_003" time="0.000">
    <skipped/>
  </testcase> <!-- TC_RF_003 -->
  <testcase classname="com.sb.pageobject.analytics.TC_Register_seller_excel" name="TC_RF_017" time="0.000">
    <skipped/>
  </testcase> <!-- TC_RF_017 -->
  <testcase classname="com.sb.pageobject.analytics.TC_Register_seller_excel" name="TC_RF_016" time="0.000">
    <skipped/>
  </testcase> <!-- TC_RF_016 -->
  <testcase classname="com.sb.pageobject.analytics.TC_Register_seller_excel" name="TC_RF_017" time="0.000">
    <skipped/>
  </testcase> <!-- TC_RF_017 -->
  <testcase classname="com.sb.pageobject.analytics.TC_Register_seller_excel" name="TC_RF_001" time="0.000">
    <skipped/>
  </testcase> <!-- TC_RF_001 -->
  <testcase classname="com.sb.pageobject.analytics.TC_Register_seller_excel" name="TC_RF_004" time="0.000">
    <skipped/>
  </testcase> <!-- TC_RF_004 -->
  <testcase classname="com.sb.pageobject.analytics.TC_Register_seller_excel" name="TC_RF_014" time="0.000">
    <skipped/>
  </testcase> <!-- TC_RF_014 -->
  <testcase classname="com.sb.pageobject.analytics.TC_Register_seller_excel" name="TC_RF_011" time="0.000">
    <skipped/>
  </testcase> <!-- TC_RF_011 -->
  <testcase classname="com.sb.pageobject.analytics.TC_Register_seller_excel" name="TC_RF_019" time="0.000">
    <skipped/>
  </testcase> <!-- TC_RF_019 -->
  <testcase classname="com.sb.pageobject.analytics.TC_Register_seller_excel" name="TC_RF_020" time="0.000">
    <skipped/>
  </testcase> <!-- TC_RF_020 -->
  <testcase classname="com.sb.pageobject.analytics.TC_Register_seller_excel" name="TC_RF_015" time="0.000">
    <skipped/>
  </testcase> <!-- TC_RF_015 -->
  <testcase classname="com.sb.pageobject.analytics.TC_Register_seller_excel" name="TC_RF_004" time="0.000">
    <skipped/>
  </testcase> <!-- TC_RF_004 -->
  <testcase classname="com.sb.pageobject.analytics.TC_Register_seller_excel" name="TC_RF_013" time="0.000">
    <skipped/>
  </testcase> <!-- TC_RF_013 -->
  <testcase classname="com.sb.pageobject.analytics.TC_Register_seller_excel" name="TC_RF_009" time="0.000">
    <skipped/>
  </testcase> <!-- TC_RF_009 -->
  <testcase classname="com.sb.pageobject.analytics.TC_Register_seller_excel" name="TC_RF_008" time="0.000">
    <skipped/>
  </testcase> <!-- TC_RF_008 -->
  <testcase classname="com.sb.pageobject.analytics.TC_Register_seller_excel" name="TC_RF_006" time="0.000">
    <skipped/>
  </testcase> <!-- TC_RF_006 -->
  <testcase classname="com.sb.pageobject.analytics.TC_Register_seller_excel" name="TC_RF_008" time="0.000">
    <skipped/>
  </testcase> <!-- TC_RF_008 -->
  <testcase classname="com.sb.pageobject.analytics.TC_Register_seller_excel" name="TC_RF_007" time="0.000">
    <skipped/>
  </testcase> <!-- TC_RF_007 -->
  <testcase classname="com.sb.pageobject.analytics.TC_Register_seller_excel" name="TC_RF_018" time="0.000">
    <skipped/>
  </testcase> <!-- TC_RF_018 -->
  <testcase classname="com.sb.pageobject.analytics.TC_Register_seller_excel" name="TC_RF_013" time="0.000">
    <skipped/>
  </testcase> <!-- TC_RF_013 -->
  <testcase classname="com.sb.pageobject.analytics.TC_Register_seller_excel" name="TC_RF_017" time="0.000">
    <skipped/>
  </testcase> <!-- TC_RF_017 -->
  <testcase classname="com.sb.pageobject.analytics.TC_Register_seller_excel" name="TC_RF_011" time="0.001">
    <skipped/>
  </testcase> <!-- TC_RF_011 -->
  <testcase classname="com.sb.pageobject.analytics.TC_Register_seller_excel" name="TC_RF_008" time="0.000">
    <skipped/>
  </testcase> <!-- TC_RF_008 -->
  <testcase classname="com.sb.pageobject.analytics.TC_Register_seller_excel" name="TC_RF_001" time="0.000">
    <skipped/>
  </testcase> <!-- TC_RF_001 -->
  <testcase classname="com.sb.pageobject.analytics.TC_Register_seller_excel" name="TC_RF_005" time="0.000">
    <skipped/>
  </testcase> <!-- TC_RF_005 -->
  <testcase classname="com.sb.pageobject.analytics.TC_Register_seller_excel" name="TC_RF_020" time="0.000">
    <skipped/>
  </testcase> <!-- TC_RF_020 -->
  <testcase classname="com.sb.pageobject.analytics.TC_Register_seller_excel" name="TC_RF_009" time="0.000">
    <skipped/>
  </testcase> <!-- TC_RF_009 -->
  <testcase classname="com.sb.pageobject.analytics.TC_Register_seller_excel" name="TC_RF_020" time="0.000">
    <skipped/>
  </testcase> <!-- TC_RF_020 -->
  <testcase classname="com.sb.pageobject.analytics.TC_Register_seller_excel" name="TC_RF_006" time="0.000">
    <skipped/>
  </testcase> <!-- TC_RF_006 -->
  <testcase classname="com.sb.pageobject.analytics.TC_Register_seller_excel" name="TC_RF_011" time="0.000">
    <skipped/>
  </testcase> <!-- TC_RF_011 -->
  <testcase classname="com.sb.pageobject.analytics.TC_Register_seller_excel" name="TC_RF_012" time="0.001">
    <skipped/>
  </testcase> <!-- TC_RF_012 -->
  <testcase classname="com.sb.pageobject.analytics.TC_Register_seller_excel" name="TC_RF_013" time="0.000">
    <skipped/>
  </testcase> <!-- TC_RF_013 -->
  <testcase classname="com.sb.pageobject.analytics.TC_Register_seller_excel" name="TC_RF_016" time="0.000">
    <skipped/>
  </testcase> <!-- TC_RF_016 -->
  <testcase classname="com.sb.pageobject.analytics.TC_Register_seller_excel" name="TC_RF_015" time="0.000">
    <skipped/>
  </testcase> <!-- TC_RF_015 -->
  <testcase classname="com.sb.pageobject.analytics.TC_Register_seller_excel" name="TC_RF_012" time="0.000">
    <skipped/>
  </testcase> <!-- TC_RF_012 -->
  <testcase classname="com.sb.pageobject.analytics.TC_Register_seller_excel" name="TC_RF_005" time="0.000">
    <skipped/>
  </testcase> <!-- TC_RF_005 -->
  <testcase classname="com.sb.pageobject.analytics.TC_Register_seller_excel" name="TC_RF_001" time="0.000">
    <skipped/>
  </testcase> <!-- TC_RF_001 -->
  <testcase classname="com.sb.pageobject.analytics.TC_Register_seller_excel" name="TC_RF_003" time="0.000">
    <skipped/>
  </testcase> <!-- TC_RF_003 -->
  <testcase classname="com.sb.pageobject.analytics.TC_Register_seller_excel" name="TC_RF_002" time="0.000">
    <skipped/>
  </testcase> <!-- TC_RF_002 -->
  <testcase classname="com.sb.pageobject.analytics.TC_Register_seller_excel" name="TC_RF_007" time="0.000">
    <skipped/>
  </testcase> <!-- TC_RF_007 -->
  <testcase classname="com.sb.pageobject.analytics.TC_Register_seller_excel" name="TC_RF_014" time="0.000">
    <skipped/>
  </testcase> <!-- TC_RF_014 -->
  <testcase classname="com.sb.pageobject.analytics.TC_Register_seller_excel" name="TC_RF_001" time="0.000">
    <skipped/>
  </testcase> <!-- TC_RF_001 -->
  <testcase classname="com.sb.pageobject.analytics.TC_Register_seller_excel" name="TC_RF_008" time="0.000">
    <skipped/>
  </testcase> <!-- TC_RF_008 -->
  <testcase classname="com.sb.pageobject.analytics.TC_Register_seller_excel" name="TC_RF_013" time="0.000">
    <skipped/>
  </testcase> <!-- TC_RF_013 -->
  <testcase classname="com.sb.pageobject.analytics.TC_Register_seller_excel" name="TC_RF_019" time="0.000">
    <skipped/>
  </testcase> <!-- TC_RF_019 -->
  <testcase classname="com.sb.pageobject.analytics.TC_Register_seller_excel" name="TC_RF_016" time="0.000">
    <skipped/>
  </testcase> <!-- TC_RF_016 -->
  <testcase classname="com.sb.pageobject.analytics.TC_Register_seller_excel" name="TC_RF_005" time="0.000">
    <skipped/>
  </testcase> <!-- TC_RF_005 -->
  <testcase classname="com.sb.pageobject.analytics.TC_Register_seller_excel" name="TC_RF_010" time="0.000">
    <skipped/>
  </testcase> <!-- TC_RF_010 -->
  <testcase classname="com.sb.pageobject.analytics.TC_Register_seller_excel" name="TC_RF_010" time="0.000">
    <skipped/>
  </testcase> <!-- TC_RF_010 -->
  <testcase classname="com.sb.pageobject.analytics.TC_Register_seller_excel" name="TC_RF_003" time="0.000">
    <skipped/>
  </testcase> <!-- TC_RF_003 -->
  <testcase classname="com.sb.pageobject.analytics.TC_Register_seller_excel" name="TC_RF_002" time="0.000">
    <skipped/>
  </testcase> <!-- TC_RF_002 -->
  <testcase classname="com.sb.pageobject.analytics.TC_Register_seller_excel" name="TC_RF_014" time="0.000">
    <skipped/>
  </testcase> <!-- TC_RF_014 -->
  <testcase classname="com.sb.pageobject.analytics.TC_Register_seller_excel" name="TC_RF_008" time="0.000">
    <skipped/>
  </testcase> <!-- TC_RF_008 -->
  <testcase classname="com.sb.pageobject.analytics.TC_Register_seller_excel" name="TC_RF_015" time="0.000">
    <skipped/>
  </testcase> <!-- TC_RF_015 -->
  <testcase classname="com.sb.pageobject.analytics.TC_Register_seller_excel" name="TC_RF_018" time="0.000">
    <skipped/>
  </testcase> <!-- TC_RF_018 -->
  <testcase classname="com.sb.pageobject.analytics.TC_Register_seller_excel" name="TC_RF_008" time="0.000">
    <skipped/>
  </testcase> <!-- TC_RF_008 -->
  <testcase classname="com.sb.pageobject.analytics.TC_Register_seller_excel" name="TC_RF_019" time="0.000">
    <skipped/>
  </testcase> <!-- TC_RF_019 -->
  <testcase classname="com.sb.pageobject.analytics.TC_Register_seller_excel" name="TC_RF_010" time="0.000">
    <skipped/>
  </testcase> <!-- TC_RF_010 -->
  <testcase classname="com.sb.pageobject.analytics.TC_Register_seller_excel" name="TC_RF_009" time="0.000">
    <skipped/>
  </testcase> <!-- TC_RF_009 -->
  <testcase classname="com.sb.pageobject.analytics.TC_Register_seller_excel" name="TC_RF_009" time="0.000">
    <skipped/>
  </testcase> <!-- TC_RF_009 -->
  <testcase classname="com.sb.pageobject.analytics.TC_Register_seller_excel" name="TC_RF_019" time="0.000">
    <skipped/>
  </testcase> <!-- TC_RF_019 -->
  <testcase classname="com.sb.pageobject.analytics.TC_Register_seller_excel" name="TC_RF_013" time="0.002">
    <skipped/>
  </testcase> <!-- TC_RF_013 -->
  <testcase classname="com.sb.pageobject.analytics.TC_Register_seller_excel" name="TC_RF_017" time="0.000">
    <skipped/>
  </testcase> <!-- TC_RF_017 -->
  <testcase classname="com.sb.pageobject.analytics.TC_Register_seller_excel" name="TC_RF_015" time="0.000">
    <skipped/>
  </testcase> <!-- TC_RF_015 -->
  <testcase classname="com.sb.pageobject.analytics.TC_Register_seller_excel" name="TC_RF_020" time="0.000">
    <skipped/>
  </testcase> <!-- TC_RF_020 -->
  <testcase classname="com.sb.pageobject.analytics.TC_Register_seller_excel" name="TC_RF_005" time="0.000">
    <skipped/>
  </testcase> <!-- TC_RF_005 -->
  <testcase classname="com.sb.pageobject.analytics.TC_Register_seller_excel" name="TC_RF_016" time="0.000">
    <skipped/>
  </testcase> <!-- TC_RF_016 -->
  <testcase classname="com.sb.pageobject.analytics.TC_Register_seller_excel" name="TC_RF_011" time="0.000">
    <skipped/>
  </testcase> <!-- TC_RF_011 -->
  <testcase classname="com.sb.pageobject.analytics.TC_Register_seller_excel" name="TC_RF_012" time="0.000">
    <skipped/>
  </testcase> <!-- TC_RF_012 -->
  <testcase classname="com.sb.pageobject.analytics.TC_Register_seller_excel" name="TC_RF_014" time="0.000">
    <skipped/>
  </testcase> <!-- TC_RF_014 -->
  <testcase classname="com.sb.pageobject.analytics.TC_Register_seller_excel" name="TC_RF_004" time="0.000">
    <skipped/>
  </testcase> <!-- TC_RF_004 -->
  <testcase classname="com.sb.pageobject.analytics.TC_Register_seller_excel" name="TC_RF_019" time="0.000">
    <skipped/>
  </testcase> <!-- TC_RF_019 -->
  <testcase classname="com.sb.pageobject.analytics.TC_Register_seller_excel" name="TC_RF_007" time="0.000">
    <skipped/>
  </testcase> <!-- TC_RF_007 -->
  <testcase classname="com.sb.pageobject.analytics.TC_Register_seller_excel" name="TC_RF_012" time="0.000">
    <skipped/>
  </testcase> <!-- TC_RF_012 -->
  <testcase classname="com.sb.pageobject.analytics.TC_Register_seller_excel" name="TC_RF_016" time="0.000">
    <skipped/>
  </testcase> <!-- TC_RF_016 -->
  <testcase classname="com.sb.pageobject.analytics.TC_Register_seller_excel" name="TC_RF_006" time="0.000">
    <skipped/>
  </testcase> <!-- TC_RF_006 -->
  <testcase classname="com.sb.pageobject.analytics.TC_Register_seller_excel" name="TC_RF_005" time="0.000">
    <skipped/>
  </testcase> <!-- TC_RF_005 -->
  <testcase classname="com.sb.pageobject.analytics.TC_Register_seller_excel" name="TC_RF_017" time="0.000">
    <skipped/>
  </testcase> <!-- TC_RF_017 -->
  <testcase classname="com.sb.pageobject.analytics.TC_Register_seller_excel" name="TC_RF_003" time="0.000">
    <skipped/>
  </testcase> <!-- TC_RF_003 -->
  <testcase classname="com.sb.pageobject.analytics.TC_Register_seller_excel" name="TC_RF_017" time="0.000">
    <skipped/>
  </testcase> <!-- TC_RF_017 -->
  <testcase classname="com.sb.pageobject.analytics.TC_Register_seller_excel" name="TC_RF_020" time="0.000">
    <skipped/>
  </testcase> <!-- TC_RF_020 -->
  <testcase classname="com.sb.pageobject.analytics.TC_Register_seller_excel" name="TC_RF_011" time="0.000">
    <skipped/>
  </testcase> <!-- TC_RF_011 -->
  <testcase classname="com.sb.pageobject.analytics.TC_Register_seller_excel" name="TC_RF_018" time="0.000">
    <skipped/>
  </testcase> <!-- TC_RF_018 -->
  <testcase classname="com.sb.pageobject.analytics.TC_Register_seller_excel" name="TC_RF_004" time="0.000">
    <skipped/>
  </testcase> <!-- TC_RF_004 -->
  <testcase classname="com.sb.pageobject.analytics.TC_Register_seller_excel" name="TC_RF_001" time="0.001">
    <skipped/>
  </testcase> <!-- TC_RF_001 -->
  <testcase classname="com.sb.pageobject.analytics.TC_Register_seller_excel" name="TC_RF_008" time="0.000">
    <skipped/>
  </testcase> <!-- TC_RF_008 -->
  <testcase classname="com.sb.pageobject.analytics.TC_Register_seller_excel" name="TC_RF_019" time="0.001">
    <skipped/>
  </testcase> <!-- TC_RF_019 -->
  <testcase classname="com.sb.pageobject.analytics.TC_Register_seller_excel" name="TC_RF_010" time="0.000">
    <skipped/>
  </testcase> <!-- TC_RF_010 -->
  <testcase classname="com.sb.pageobject.analytics.TC_Register_seller_excel" name="TC_RF_002" time="0.000">
    <skipped/>
  </testcase> <!-- TC_RF_002 -->
  <testcase classname="com.sb.pageobject.analytics.TC_Register_seller_excel" name="TC_RF_014" time="0.000">
    <skipped/>
  </testcase> <!-- TC_RF_014 -->
  <testcase classname="com.sb.pageobject.analytics.TC_Register_seller_excel" name="TC_RF_002" time="0.000">
    <skipped/>
  </testcase> <!-- TC_RF_002 -->
  <testcase classname="com.sb.pageobject.analytics.TC_Register_seller_excel" name="TC_RF_009" time="0.000">
    <skipped/>
  </testcase> <!-- TC_RF_009 -->
  <testcase classname="com.sb.pageobject.analytics.TC_Register_seller_excel" name="TC_RF_019" time="0.000">
    <skipped/>
  </testcase> <!-- TC_RF_019 -->
  <testcase classname="com.sb.pageobject.analytics.TC_Register_seller_excel" name="TC_RF_009" time="0.000">
    <skipped/>
  </testcase> <!-- TC_RF_009 -->
  <testcase classname="com.sb.pageobject.analytics.TC_Register_seller_excel" name="TC_RF_006" time="0.000">
    <skipped/>
  </testcase> <!-- TC_RF_006 -->
  <testcase classname="com.sb.pageobject.analytics.TC_Register_seller_excel" name="TC_RF_003" time="0.000">
    <skipped/>
  </testcase> <!-- TC_RF_003 -->
  <testcase classname="com.sb.pageobject.analytics.TC_Register_seller_excel" name="TC_RF_005" time="0.000">
    <skipped/>
  </testcase> <!-- TC_RF_005 -->
  <testcase classname="com.sb.pageobject.analytics.TC_Register_seller_excel" name="TC_RF_016" time="0.000">
    <skipped/>
  </testcase> <!-- TC_RF_016 -->
  <testcase classname="com.sb.pageobject.analytics.TC_Register_seller_excel" name="TC_RF_006" time="0.000">
    <skipped/>
  </testcase> <!-- TC_RF_006 -->
  <testcase classname="com.sb.pageobject.analytics.TC_Register_seller_excel" name="TC_RF_018" time="0.000">
    <skipped/>
  </testcase> <!-- TC_RF_018 -->
  <testcase classname="com.sb.pageobject.analytics.TC_Register_seller_excel" name="TC_RF_010" time="0.000">
    <skipped/>
  </testcase> <!-- TC_RF_010 -->
  <testcase classname="com.sb.pageobject.analytics.TC_Register_seller_excel" name="TC_RF_016" time="0.000">
    <skipped/>
  </testcase> <!-- TC_RF_016 -->
  <testcase classname="com.sb.pageobject.analytics.TC_Register_seller_excel" name="TC_RF_017" time="0.000">
    <skipped/>
  </testcase> <!-- TC_RF_017 -->
  <testcase classname="com.sb.pageobject.analytics.TC_Register_seller_excel" name="TC_RF_016" time="0.000">
    <skipped/>
  </testcase> <!-- TC_RF_016 -->
  <testcase classname="com.sb.pageobject.analytics.TC_Register_seller_excel" name="TC_RF_006" time="0.000">
    <skipped/>
  </testcase> <!-- TC_RF_006 -->
  <testcase classname="com.sb.pageobject.analytics.TC_Register_seller_excel" name="TC_RF_005" time="0.000">
    <skipped/>
  </testcase> <!-- TC_RF_005 -->
  <testcase classname="com.sb.pageobject.analytics.TC_Register_seller_excel" name="TC_RF_019" time="0.000">
    <skipped/>
  </testcase> <!-- TC_RF_019 -->
  <testcase classname="com.sb.pageobject.analytics.TC_Register_seller_excel" name="TC_RF_014" time="0.000">
    <skipped/>
  </testcase> <!-- TC_RF_014 -->
  <testcase classname="com.sb.pageobject.analytics.TC_Register_seller_excel" name="TC_RF_007" time="0.000">
    <skipped/>
  </testcase> <!-- TC_RF_007 -->
  <testcase classname="com.sb.pageobject.analytics.TC_Register_seller_excel" name="TC_RF_019" time="0.000">
    <skipped/>
  </testcase> <!-- TC_RF_019 -->
  <testcase classname="com.sb.pageobject.analytics.TC_Register_seller_excel" name="TC_RF_007" time="0.000">
    <skipped/>
  </testcase> <!-- TC_RF_007 -->
  <testcase classname="com.sb.pageobject.analytics.TC_Register_seller_excel" name="TC_RF_009" time="0.000">
    <skipped/>
  </testcase> <!-- TC_RF_009 -->
  <testcase classname="com.sb.pageobject.analytics.TC_Register_seller_excel" name="TC_RF_005" time="0.000">
    <skipped/>
  </testcase> <!-- TC_RF_005 -->
  <testcase classname="com.sb.pageobject.analytics.TC_Register_seller_excel" name="TC_RF_005" time="0.000">
    <skipped/>
  </testcase> <!-- TC_RF_005 -->
  <testcase classname="com.sb.pageobject.analytics.TC_Register_seller_excel" name="TC_RF_018" time="0.000">
    <skipped/>
  </testcase> <!-- TC_RF_018 -->
  <testcase classname="com.sb.pageobject.analytics.TC_Register_seller_excel" name="TC_RF_010" time="0.000">
    <skipped/>
  </testcase> <!-- TC_RF_010 -->
  <testcase classname="com.sb.pageobject.analytics.TC_Register_seller_excel" name="TC_RF_004" time="0.000">
    <skipped/>
  </testcase> <!-- TC_RF_004 -->
  <testcase classname="com.sb.pageobject.analytics.TC_Register_seller_excel" name="TC_RF_004" time="0.000">
    <skipped/>
  </testcase> <!-- TC_RF_004 -->
  <testcase classname="com.sb.pageobject.analytics.TC_Register_seller_excel" name="TC_RF_016" time="0.000">
    <skipped/>
  </testcase> <!-- TC_RF_016 -->
  <testcase classname="com.sb.pageobject.analytics.TC_Register_seller_excel" name="TC_RF_007" time="0.000">
    <skipped/>
  </testcase> <!-- TC_RF_007 -->
  <testcase classname="com.sb.pageobject.analytics.TC_Register_seller_excel" name="TC_RF_002" time="0.000">
    <skipped/>
  </testcase> <!-- TC_RF_002 -->
  <testcase classname="com.sb.pageobject.analytics.TC_Register_seller_excel" name="TC_RF_009" time="0.000">
    <skipped/>
  </testcase> <!-- TC_RF_009 -->
  <testcase classname="com.sb.pageobject.analytics.TC_Register_seller_excel" name="TC_RF_009" time="0.000">
    <skipped/>
  </testcase> <!-- TC_RF_009 -->
  <testcase classname="com.sb.pageobject.analytics.TC_Register_seller_excel" name="TC_RF_005" time="0.000">
    <skipped/>
  </testcase> <!-- TC_RF_005 -->
  <testcase classname="com.sb.pageobject.analytics.TC_Register_seller_excel" name="TC_RF_009" time="0.000">
    <skipped/>
  </testcase> <!-- TC_RF_009 -->
  <testcase classname="com.sb.pageobject.analytics.TC_Register_seller_excel" name="TC_RF_019" time="0.000">
    <skipped/>
  </testcase> <!-- TC_RF_019 -->
  <testcase classname="com.sb.pageobject.analytics.TC_Register_seller_excel" name="TC_RF_016" time="0.000">
    <skipped/>
  </testcase> <!-- TC_RF_016 -->
  <testcase classname="com.sb.pageobject.analytics.TC_Register_seller_excel" name="TC_RF_016" time="0.000">
    <skipped/>
  </testcase> <!-- TC_RF_016 -->
  <testcase classname="com.sb.pageobject.analytics.TC_Register_seller_excel" name="TC_RF_004" time="0.000">
    <skipped/>
  </testcase> <!-- TC_RF_004 -->
</testsuite> <!-- com.sb.pageobject.analytics.TC_Register_seller_excel -->
