<?xml version="1.0" encoding="UTF-8"?>
<!-- Generated by org.testng.reporters.JUnitReportReporter -->
<testsuite hostname="DESKTOP-O2MUR00" failures="0" tests="29" name="com.sb.testcases.TC_Customers_seller" time="138.734" errors="0" timestamp="2023-08-07T15:11:34 IST" skipped="24">
  <testcase classname="com.sb.testcases.TC_Customers_seller" name="TC_CF_008" time="17.957"/>
  <testcase classname="com.sb.testcases.TC_Customers_seller" name="TC_CF_009" time="28.774"/>
  <testcase classname="com.sb.testcases.TC_Customers_seller" name="TC_CF_007" time="33.757"/>
  <testcase classname="com.sb.testcases.TC_Customers_seller" name="TC_CF_011" time="28.894"/>
  <testcase classname="com.sb.testcases.TC_Customers_seller" name="TC_CF_010" time="29.352"/>
  <testcase classname="com.sb.testcases.TC_Customers_seller" name="TC_CF_023">
    <skipped/>
  </testcase> <!-- TC_CF_023 -->
  <testcase classname="com.sb.testcases.TC_Customers_seller" name="TC_CF_001">
    <skipped/>
  </testcase> <!-- TC_CF_001 -->
  <testcase classname="com.sb.testcases.TC_Customers_seller" name="TC_CF_012">
    <skipped/>
  </testcase> <!-- TC_CF_012 -->
  <testcase classname="com.sb.testcases.TC_Customers_seller" name="TC_CF_025">
    <skipped/>
  </testcase> <!-- TC_CF_025 -->
  <testcase classname="com.sb.testcases.TC_Customers_seller" name="TC_CF_003">
    <skipped/>
  </testcase> <!-- TC_CF_003 -->
  <testcase classname="com.sb.testcases.TC_Customers_seller" name="TC_CF_014">
    <skipped/>
  </testcase> <!-- TC_CF_014 -->
  <testcase classname="com.sb.testcases.TC_Customers_seller" name="TC_CF_022">
    <skipped/>
  </testcase> <!-- TC_CF_022 -->
  <testcase classname="com.sb.testcases.TC_Customers_seller" name="TC_CF_024">
    <skipped/>
  </testcase> <!-- TC_CF_024 -->
  <testcase classname="com.sb.testcases.TC_Customers_seller" name="TC_CF_002">
    <skipped/>
  </testcase> <!-- TC_CF_002 -->
  <testcase classname="com.sb.testcases.TC_Customers_seller" name="TC_CF_013">
    <skipped/>
  </testcase> <!-- TC_CF_013 -->
  <testcase classname="com.sb.testcases.TC_Customers_seller" name="TC_CF_021">
    <skipped/>
  </testcase> <!-- TC_CF_021 -->
  <testcase classname="com.sb.testcases.TC_Customers_seller" name="TC_CF_020">
    <skipped/>
  </testcase> <!-- TC_CF_020 -->
  <testcase classname="com.sb.testcases.TC_Customers_seller" name="TC_CF_019">
    <skipped/>
  </testcase> <!-- TC_CF_019 -->
  <testcase classname="com.sb.testcases.TC_Customers_seller" name="TC_CF_027">
    <skipped/>
  </testcase> <!-- TC_CF_027 -->
  <testcase classname="com.sb.testcases.TC_Customers_seller" name="TC_CF_005">
    <skipped/>
  </testcase> <!-- TC_CF_005 -->
  <testcase classname="com.sb.testcases.TC_Customers_seller" name="TC_CF_016">
    <skipped/>
  </testcase> <!-- TC_CF_016 -->
  <testcase classname="com.sb.testcases.TC_Customers_seller" name="TC_CF_029">
    <skipped/>
  </testcase> <!-- TC_CF_029 -->
  <testcase classname="com.sb.testcases.TC_Customers_seller" name="TC_CF_018">
    <skipped/>
  </testcase> <!-- TC_CF_018 -->
  <testcase classname="com.sb.testcases.TC_Customers_seller" name="TC_CF_026">
    <skipped/>
  </testcase> <!-- TC_CF_026 -->
  <testcase classname="com.sb.testcases.TC_Customers_seller" name="TC_CF_004">
    <skipped/>
  </testcase> <!-- TC_CF_004 -->
  <testcase classname="com.sb.testcases.TC_Customers_seller" name="TC_CF_015">
    <skipped/>
  </testcase> <!-- TC_CF_015 -->
  <testcase classname="com.sb.testcases.TC_Customers_seller" name="TC_CF_028">
    <skipped/>
  </testcase> <!-- TC_CF_028 -->
  <testcase classname="com.sb.testcases.TC_Customers_seller" name="TC_CF_006">
    <skipped/>
  </testcase> <!-- TC_CF_006 -->
  <testcase classname="com.sb.testcases.TC_Customers_seller" name="TC_CF_017">
    <skipped/>
  </testcase> <!-- TC_CF_017 -->
</testsuite> <!-- com.sb.testcases.TC_Customers_seller -->
