<?xml version="1.0" encoding="UTF-8"?>
<!-- Generated by org.testng.reporters.JUnitReportReporter -->
<testsuite hostname="DESKTOP-O2MUR00" failures="0" tests="43" name="com.sb.testcases.TC_order_seller" time="11.782" errors="0" timestamp="2023-08-07T13:28:32 IST" skipped="42">
  <testcase classname="com.sb.testcases.TC_order_seller" name="TC_OF_010" time="11.782"/>
  <testcase classname="com.sb.testcases.TC_order_seller" name="TC_OF_009">
    <skipped/>
  </testcase> <!-- TC_OF_009 -->
  <testcase classname="com.sb.testcases.TC_order_seller" name="TC_OF_030">
    <skipped/>
  </testcase> <!-- TC_OF_030 -->
  <testcase classname="com.sb.testcases.TC_order_seller" name="TC_OF_040">
    <skipped/>
  </testcase> <!-- TC_OF_040 -->
  <testcase classname="com.sb.testcases.TC_order_seller" name="TC_OF_032">
    <skipped/>
  </testcase> <!-- TC_OF_032 -->
  <testcase classname="com.sb.testcases.TC_order_seller" name="TC_OF_042">
    <skipped/>
  </testcase> <!-- TC_OF_042 -->
  <testcase classname="com.sb.testcases.TC_order_seller" name="TC_OF_020">
    <skipped/>
  </testcase> <!-- TC_OF_020 -->
  <testcase classname="com.sb.testcases.TC_order_seller" name="TC_OF_034">
    <skipped/>
  </testcase> <!-- TC_OF_034 -->
  <testcase classname="com.sb.testcases.TC_order_seller" name="TC_OF_012">
    <skipped/>
  </testcase> <!-- TC_OF_012 -->
  <testcase classname="com.sb.testcases.TC_order_seller" name="TC_OF_022">
    <skipped/>
  </testcase> <!-- TC_OF_022 -->
  <testcase classname="com.sb.testcases.TC_order_seller" name="TC_OF_036">
    <skipped/>
  </testcase> <!-- TC_OF_036 -->
  <testcase classname="com.sb.testcases.TC_order_seller" name="TC_OF_014">
    <skipped/>
  </testcase> <!-- TC_OF_014 -->
  <testcase classname="com.sb.testcases.TC_order_seller" name="TC_OF_024">
    <skipped/>
  </testcase> <!-- TC_OF_024 -->
  <testcase classname="com.sb.testcases.TC_order_seller" name="TC_OF_002">
    <skipped/>
  </testcase> <!-- TC_OF_002 -->
  <testcase classname="com.sb.testcases.TC_order_seller" name="TC_OF_038">
    <skipped/>
  </testcase> <!-- TC_OF_038 -->
  <testcase classname="com.sb.testcases.TC_order_seller" name="TC_OF_016">
    <skipped/>
  </testcase> <!-- TC_OF_016 -->
  <testcase classname="com.sb.testcases.TC_order_seller" name="TC_OF_026">
    <skipped/>
  </testcase> <!-- TC_OF_026 -->
  <testcase classname="com.sb.testcases.TC_order_seller" name="TC_OF_004">
    <skipped/>
  </testcase> <!-- TC_OF_004 -->
  <testcase classname="com.sb.testcases.TC_order_seller" name="TC_OF_018">
    <skipped/>
  </testcase> <!-- TC_OF_018 -->
  <testcase classname="com.sb.testcases.TC_order_seller" name="TC_OF_028">
    <skipped/>
  </testcase> <!-- TC_OF_028 -->
  <testcase classname="com.sb.testcases.TC_order_seller" name="TC_OF_006">
    <skipped/>
  </testcase> <!-- TC_OF_006 -->
  <testcase classname="com.sb.testcases.TC_order_seller" name="TC_OF_019">
    <skipped/>
  </testcase> <!-- TC_OF_019 -->
  <testcase classname="com.sb.testcases.TC_order_seller" name="TC_OF_008">
    <skipped/>
  </testcase> <!-- TC_OF_008 -->
  <testcase classname="com.sb.testcases.TC_order_seller" name="TC_OF_017">
    <skipped/>
  </testcase> <!-- TC_OF_017 -->
  <testcase classname="com.sb.testcases.TC_order_seller" name="TC_OF_041">
    <skipped/>
  </testcase> <!-- TC_OF_041 -->
  <testcase classname="com.sb.testcases.TC_order_seller" name="TC_OF_043">
    <skipped/>
  </testcase> <!-- TC_OF_043 -->
  <testcase classname="com.sb.testcases.TC_order_seller" name="TC_OF_021">
    <skipped/>
  </testcase> <!-- TC_OF_021 -->
  <testcase classname="com.sb.testcases.TC_order_seller" name="TC_OF_031">
    <skipped/>
  </testcase> <!-- TC_OF_031 -->
  <testcase classname="com.sb.testcases.TC_order_seller" name="TC_OF_023">
    <skipped/>
  </testcase> <!-- TC_OF_023 -->
  <testcase classname="com.sb.testcases.TC_order_seller" name="TC_OF_001">
    <skipped/>
  </testcase> <!-- TC_OF_001 -->
  <testcase classname="com.sb.testcases.TC_order_seller" name="TC_OF_033">
    <skipped/>
  </testcase> <!-- TC_OF_033 -->
  <testcase classname="com.sb.testcases.TC_order_seller" name="TC_OF_011">
    <skipped/>
  </testcase> <!-- TC_OF_011 -->
  <testcase classname="com.sb.testcases.TC_order_seller" name="TC_OF_025">
    <skipped/>
  </testcase> <!-- TC_OF_025 -->
  <testcase classname="com.sb.testcases.TC_order_seller" name="TC_OF_003">
    <skipped/>
  </testcase> <!-- TC_OF_003 -->
  <testcase classname="com.sb.testcases.TC_order_seller" name="TC_OF_035">
    <skipped/>
  </testcase> <!-- TC_OF_035 -->
  <testcase classname="com.sb.testcases.TC_order_seller" name="TC_OF_013">
    <skipped/>
  </testcase> <!-- TC_OF_013 -->
  <testcase classname="com.sb.testcases.TC_order_seller" name="TC_OF_027">
    <skipped/>
  </testcase> <!-- TC_OF_027 -->
  <testcase classname="com.sb.testcases.TC_order_seller" name="TC_OF_005">
    <skipped/>
  </testcase> <!-- TC_OF_005 -->
  <testcase classname="com.sb.testcases.TC_order_seller" name="TC_OF_037">
    <skipped/>
  </testcase> <!-- TC_OF_037 -->
  <testcase classname="com.sb.testcases.TC_order_seller" name="TC_OF_015">
    <skipped/>
  </testcase> <!-- TC_OF_015 -->
  <testcase classname="com.sb.testcases.TC_order_seller" name="TC_OF_029">
    <skipped/>
  </testcase> <!-- TC_OF_029 -->
  <testcase classname="com.sb.testcases.TC_order_seller" name="TC_OF_007">
    <skipped/>
  </testcase> <!-- TC_OF_007 -->
  <testcase classname="com.sb.testcases.TC_order_seller" name="TC_OF_039">
    <skipped/>
  </testcase> <!-- TC_OF_039 -->
</testsuite> <!-- com.sb.testcases.TC_order_seller -->
