<?xml version="1.0" encoding="UTF-8"?>
<!-- Generated by org.testng.reporters.JUnitReportReporter -->
<testsuite hostname="DESKTOP-O2MUR00" failures="0" tests="45" name="com.sb.testcases.TC_Storesettings_seller" time="29.132" errors="0" timestamp="2023-08-08T10:40:30 IST" skipped="44">
  <testcase classname="com.sb.testcases.TC_Storesettings_seller" name="TC_AF_045" time="29.132"/>
  <testcase classname="com.sb.testcases.TC_Storesettings_seller" name="TC_AF_031">
    <skipped/>
  </testcase> <!-- TC_AF_031 -->
  <testcase classname="com.sb.testcases.TC_Storesettings_seller" name="TC_AF_033">
    <skipped/>
  </testcase> <!-- TC_AF_033 -->
  <testcase classname="com.sb.testcases.TC_Storesettings_seller" name="TC_AF_011">
    <skipped/>
  </testcase> <!-- TC_AF_011 -->
  <testcase classname="com.sb.testcases.TC_Storesettings_seller" name="TC_AF_043">
    <skipped/>
  </testcase> <!-- TC_AF_043 -->
  <testcase classname="com.sb.testcases.TC_Storesettings_seller" name="TC_AF_021">
    <skipped/>
  </testcase> <!-- TC_AF_021 -->
  <testcase classname="com.sb.testcases.TC_Storesettings_seller" name="TC_AF_035">
    <skipped/>
  </testcase> <!-- TC_AF_035 -->
  <testcase classname="com.sb.testcases.TC_Storesettings_seller" name="TC_AF_013">
    <skipped/>
  </testcase> <!-- TC_AF_013 -->
  <testcase classname="com.sb.testcases.TC_Storesettings_seller" name="TC_AF_009">
    <skipped/>
  </testcase> <!-- TC_AF_009 -->
  <testcase classname="com.sb.testcases.TC_Storesettings_seller" name="TC_AF_037">
    <skipped/>
  </testcase> <!-- TC_AF_037 -->
  <testcase classname="com.sb.testcases.TC_Storesettings_seller" name="TC_AF_015">
    <skipped/>
  </testcase> <!-- TC_AF_015 -->
  <testcase classname="com.sb.testcases.TC_Storesettings_seller" name="TC_AF_025">
    <skipped/>
  </testcase> <!-- TC_AF_025 -->
  <testcase classname="com.sb.testcases.TC_Storesettings_seller" name="TC_AF_003">
    <skipped/>
  </testcase> <!-- TC_AF_003 -->
  <testcase classname="com.sb.testcases.TC_Storesettings_seller" name="TC_AF_027">
    <skipped/>
  </testcase> <!-- TC_AF_027 -->
  <testcase classname="com.sb.testcases.TC_Storesettings_seller" name="TC_AF_005">
    <skipped/>
  </testcase> <!-- TC_AF_005 -->
  <testcase classname="com.sb.testcases.TC_Storesettings_seller" name="TC_AF_023">
    <skipped/>
  </testcase> <!-- TC_AF_023 -->
  <testcase classname="com.sb.testcases.TC_Storesettings_seller" name="TC_AF_001">
    <skipped/>
  </testcase> <!-- TC_AF_001 -->
  <testcase classname="com.sb.testcases.TC_Storesettings_seller" name="TC_AF_039">
    <skipped/>
  </testcase> <!-- TC_AF_039 -->
  <testcase classname="com.sb.testcases.TC_Storesettings_seller" name="TC_AF_017">
    <skipped/>
  </testcase> <!-- TC_AF_017 -->
  <testcase classname="com.sb.testcases.TC_Storesettings_seller" name="TC_AF_041">
    <skipped/>
  </testcase> <!-- TC_AF_041 -->
  <testcase classname="com.sb.testcases.TC_Storesettings_seller" name="TC_AF_019">
    <skipped/>
  </testcase> <!-- TC_AF_019 -->
  <testcase classname="com.sb.testcases.TC_Storesettings_seller" name="TC_AF_029">
    <skipped/>
  </testcase> <!-- TC_AF_029 -->
  <testcase classname="com.sb.testcases.TC_Storesettings_seller" name="TC_AF_007">
    <skipped/>
  </testcase> <!-- TC_AF_007 -->
  <testcase classname="com.sb.testcases.TC_Storesettings_seller" name="TC_AF_042">
    <skipped/>
  </testcase> <!-- TC_AF_042 -->
  <testcase classname="com.sb.testcases.TC_Storesettings_seller" name="TC_AF_020">
    <skipped/>
  </testcase> <!-- TC_AF_020 -->
  <testcase classname="com.sb.testcases.TC_Storesettings_seller" name="TC_AF_044">
    <skipped/>
  </testcase> <!-- TC_AF_044 -->
  <testcase classname="com.sb.testcases.TC_Storesettings_seller" name="TC_AF_022">
    <skipped/>
  </testcase> <!-- TC_AF_022 -->
  <testcase classname="com.sb.testcases.TC_Storesettings_seller" name="TC_AF_032">
    <skipped/>
  </testcase> <!-- TC_AF_032 -->
  <testcase classname="com.sb.testcases.TC_Storesettings_seller" name="TC_AF_010">
    <skipped/>
  </testcase> <!-- TC_AF_010 -->
  <testcase classname="com.sb.testcases.TC_Storesettings_seller" name="TC_AF_024">
    <skipped/>
  </testcase> <!-- TC_AF_024 -->
  <testcase classname="com.sb.testcases.TC_Storesettings_seller" name="TC_AF_002">
    <skipped/>
  </testcase> <!-- TC_AF_002 -->
  <testcase classname="com.sb.testcases.TC_Storesettings_seller" name="TC_AF_026">
    <skipped/>
  </testcase> <!-- TC_AF_026 -->
  <testcase classname="com.sb.testcases.TC_Storesettings_seller" name="TC_AF_004">
    <skipped/>
  </testcase> <!-- TC_AF_004 -->
  <testcase classname="com.sb.testcases.TC_Storesettings_seller" name="TC_AF_036">
    <skipped/>
  </testcase> <!-- TC_AF_036 -->
  <testcase classname="com.sb.testcases.TC_Storesettings_seller" name="TC_AF_014">
    <skipped/>
  </testcase> <!-- TC_AF_014 -->
  <testcase classname="com.sb.testcases.TC_Storesettings_seller" name="TC_AF_038">
    <skipped/>
  </testcase> <!-- TC_AF_038 -->
  <testcase classname="com.sb.testcases.TC_Storesettings_seller" name="TC_AF_016">
    <skipped/>
  </testcase> <!-- TC_AF_016 -->
  <testcase classname="com.sb.testcases.TC_Storesettings_seller" name="TC_AF_034">
    <skipped/>
  </testcase> <!-- TC_AF_034 -->
  <testcase classname="com.sb.testcases.TC_Storesettings_seller" name="TC_AF_012">
    <skipped/>
  </testcase> <!-- TC_AF_012 -->
  <testcase classname="com.sb.testcases.TC_Storesettings_seller" name="TC_AF_040">
    <skipped/>
  </testcase> <!-- TC_AF_040 -->
  <testcase classname="com.sb.testcases.TC_Storesettings_seller" name="TC_AF_028">
    <skipped/>
  </testcase> <!-- TC_AF_028 -->
  <testcase classname="com.sb.testcases.TC_Storesettings_seller" name="TC_AF_006">
    <skipped/>
  </testcase> <!-- TC_AF_006 -->
  <testcase classname="com.sb.testcases.TC_Storesettings_seller" name="TC_AF_030">
    <skipped/>
  </testcase> <!-- TC_AF_030 -->
  <testcase classname="com.sb.testcases.TC_Storesettings_seller" name="TC_AF_008">
    <skipped/>
  </testcase> <!-- TC_AF_008 -->
  <testcase classname="com.sb.testcases.TC_Storesettings_seller" name="TC_AF_018">
    <skipped/>
  </testcase> <!-- TC_AF_018 -->
</testsuite> <!-- com.sb.testcases.TC_Storesettings_seller -->
