<?xml version="1.0" encoding="UTF-8"?>
<!-- Generated by org.testng.reporters.JUnitReportReporter -->
<testsuite hostname="DESKTOP-O2MUR00" failures="0" tests="14" name="com.sb.testcases.TC_ProductsInventory_seller" time="199.199" errors="0" timestamp="2023-09-21T23:19:20 IST" skipped="0">
  <testcase classname="com.sb.testcases.TC_ProductsInventory_seller" name="TC_PIF_004" time="10.951"/>
  <testcase classname="com.sb.testcases.TC_ProductsInventory_seller" name="TC_PIF_001" time="11.440"/>
  <testcase classname="com.sb.testcases.TC_ProductsInventory_seller" name="TC_PIF_010" time="12.134"/>
  <testcase classname="com.sb.testcases.TC_ProductsInventory_seller" name="TC_PIF_009" time="10.766"/>
  <testcase classname="com.sb.testcases.TC_ProductsInventory_seller" name="TC_PIF_013" time="11.130"/>
  <testcase classname="com.sb.testcases.TC_ProductsInventory_seller" name="TC_PIF_014" time="10.978"/>
  <testcase classname="com.sb.testcases.TC_ProductsInventory_seller" name="TC_PIF_007" time="11.106"/>
  <testcase classname="com.sb.testcases.TC_ProductsInventory_seller" name="TC_PIF_012" time="19.733"/>
  <testcase classname="com.sb.testcases.TC_ProductsInventory_seller" name="TC_PIF_008" time="11.013"/>
  <testcase classname="com.sb.testcases.TC_ProductsInventory_seller" name="TC_PIF_006" time="11.147"/>
  <testcase classname="com.sb.testcases.TC_ProductsInventory_seller" name="TC_PIF_002" time="28.955"/>
  <testcase classname="com.sb.testcases.TC_ProductsInventory_seller" name="TC_PIF_003" time="29.086"/>
  <testcase classname="com.sb.testcases.TC_ProductsInventory_seller" name="TC_PIF_011" time="9.600"/>
  <testcase classname="com.sb.testcases.TC_ProductsInventory_seller" name="TC_PIF_005" time="11.160"/>
</testsuite> <!-- com.sb.testcases.TC_ProductsInventory_seller -->
