<?xml version="1.0" encoding="UTF-8"?>
<!-- Generated by org.testng.reporters.JUnitReportReporter -->
<testsuite hostname="DESKTOP-O2MUR00" failures="0" tests="13" name="com.sb.testcases.TC_Login_seller" time="7.124" errors="0" timestamp="2023-09-16T15:57:22 IST" skipped="12">
  <testcase classname="com.sb.testcases.TC_Login_seller" name="TC_LF_001" time="7.124"/>
  <testcase classname="com.sb.testcases.TC_Login_seller" name="TC_LF_005">
    <skipped/>
  </testcase> <!-- TC_LF_005 -->
  <testcase classname="com.sb.testcases.TC_Login_seller" name="TC_LF_008">
    <skipped/>
  </testcase> <!-- TC_LF_008 -->
  <testcase classname="com.sb.testcases.TC_Login_seller" name="TC_LF_007">
    <skipped/>
  </testcase> <!-- TC_LF_007 -->
  <testcase classname="com.sb.testcases.TC_Login_seller" name="TC_LF_012">
    <skipped/>
  </testcase> <!-- TC_LF_012 -->
  <testcase classname="com.sb.testcases.TC_Login_seller" name="TC_LF_004">
    <skipped/>
  </testcase> <!-- TC_LF_004 -->
  <testcase classname="com.sb.testcases.TC_Login_seller" name="TC_LF_003">
    <skipped/>
  </testcase> <!-- TC_LF_003 -->
  <testcase classname="com.sb.testcases.TC_Login_seller" name="TC_LF_006">
    <skipped/>
  </testcase> <!-- TC_LF_006 -->
  <testcase classname="com.sb.testcases.TC_Login_seller" name="TC_LF_011">
    <skipped/>
  </testcase> <!-- TC_LF_011 -->
  <testcase classname="com.sb.testcases.TC_Login_seller" name="TC_LF_010">
    <skipped/>
  </testcase> <!-- TC_LF_010 -->
  <testcase classname="com.sb.testcases.TC_Login_seller" name="TC_LF_013">
    <skipped/>
  </testcase> <!-- TC_LF_013 -->
  <testcase classname="com.sb.testcases.TC_Login_seller" name="TC_LF_002">
    <skipped/>
  </testcase> <!-- TC_LF_002 -->
  <testcase classname="com.sb.testcases.TC_Login_seller" name="TC_LF_009">
    <skipped/>
  </testcase> <!-- TC_LF_009 -->
</testsuite> <!-- com.sb.testcases.TC_Login_seller -->
