<?xml version="1.0" encoding="UTF-8"?>
<!-- Generated by org.testng.reporters.JUnitReportReporter -->
<testsuite hostname="DESKTOP-O2MUR00" failures="0" tests="10" name="com.sb.testcases.TC_dashboard_seller" time="110.418" errors="0" timestamp="2023-08-07T12:39:52 IST" skipped="0">
  <testcase classname="com.sb.testcases.TC_dashboard_seller" name="TC_LF_009" time="10.022"/>
  <testcase classname="com.sb.testcases.TC_dashboard_seller" name="TC_LF_010" time="9.962"/>
  <testcase classname="com.sb.testcases.TC_dashboard_seller" name="TC_DF_005" time="14.289"/>
  <testcase classname="com.sb.testcases.TC_dashboard_seller" name="TC_LF_011" time="11.274"/>
  <testcase classname="com.sb.testcases.TC_dashboard_seller" name="TC_DF_003" time="9.095"/>
  <testcase classname="com.sb.testcases.TC_dashboard_seller" name="TC_LF_007" time="14.776"/>
  <testcase classname="com.sb.testcases.TC_dashboard_seller" name="TC_LF_006" time="12.220"/>
  <testcase classname="com.sb.testcases.TC_dashboard_seller" name="TC_LF_012" time="9.539"/>
  <testcase classname="com.sb.testcases.TC_dashboard_seller" name="TC_LF_008" time="9.984"/>
  <testcase classname="com.sb.testcases.TC_dashboard_seller" name="TC_DF_002" time="9.257"/>
</testsuite> <!-- com.sb.testcases.TC_dashboard_seller -->
