<?xml version="1.0" encoding="UTF-8"?>
<!-- Generated by org.testng.reporters.JUnitReportReporter -->
<testsuite hostname="DESKTOP-O2MUR00" failures="0" tests="1" name="com.sb.pageobject.deliveryagent.seller.dammy" time="12.729" errors="0" timestamp="2023-09-07T15:45:53 IST" skipped="0">
  <testcase classname="com.sb.pageobject.deliveryagent.seller.dammy" name="browseropening" time="12.729"/>
</testsuite> <!-- com.sb.pageobject.deliveryagent.seller.dammy -->
