<?xml version="1.0" encoding="UTF-8"?>
<!-- Generated by org.testng.reporters.JUnitReportReporter -->
<testsuite hostname="DESKTOP-O2MUR00" failures="0" tests="27" name="com.sb.testcases.TC_Allagents_seller" time="18.003" errors="0" timestamp="2023-08-07T12:03:00 IST" skipped="25">
  <testcase classname="com.sb.testcases.TC_Allagents_seller" name="TC_DF_025" time="9.622"/>
  <testcase classname="com.sb.testcases.TC_Allagents_seller" name="TC_DF_004" time="8.381"/>
  <testcase classname="com.sb.testcases.TC_Allagents_seller" name="TC_DF_012">
    <skipped/>
  </testcase> <!-- TC_DF_012 -->
  <testcase classname="com.sb.testcases.TC_Allagents_seller" name="TC_DF_022">
    <skipped/>
  </testcase> <!-- TC_DF_022 -->
  <testcase classname="com.sb.testcases.TC_Allagents_seller" name="TC_DF_010">
    <skipped/>
  </testcase> <!-- TC_DF_010 -->
  <testcase classname="com.sb.testcases.TC_Allagents_seller" name="TC_DF_020">
    <skipped/>
  </testcase> <!-- TC_DF_020 -->
  <testcase classname="com.sb.testcases.TC_Allagents_seller" name="TC_DF_016">
    <skipped/>
  </testcase> <!-- TC_DF_016 -->
  <testcase classname="com.sb.testcases.TC_Allagents_seller" name="TC_DF_026">
    <skipped/>
  </testcase> <!-- TC_DF_026 -->
  <testcase classname="com.sb.testcases.TC_Allagents_seller" name="TC_DF_014">
    <skipped/>
  </testcase> <!-- TC_DF_014 -->
  <testcase classname="com.sb.testcases.TC_Allagents_seller" name="TC_DF_024">
    <skipped/>
  </testcase> <!-- TC_DF_024 -->
  <testcase classname="com.sb.testcases.TC_Allagents_seller" name="TC_DF_002">
    <skipped/>
  </testcase> <!-- TC_DF_002 -->
  <testcase classname="com.sb.testcases.TC_Allagents_seller" name="TC_DF_008">
    <skipped/>
  </testcase> <!-- TC_DF_008 -->
  <testcase classname="com.sb.testcases.TC_Allagents_seller" name="TC_DF_018">
    <skipped/>
  </testcase> <!-- TC_DF_018 -->
  <testcase classname="com.sb.testcases.TC_Allagents_seller" name="TC_DF_006">
    <skipped/>
  </testcase> <!-- TC_DF_006 -->
  <testcase classname="com.sb.testcases.TC_Allagents_seller" name="TC_DF_001">
    <skipped/>
  </testcase> <!-- TC_DF_001 -->
  <testcase classname="com.sb.testcases.TC_Allagents_seller" name="TC_DF_011">
    <skipped/>
  </testcase> <!-- TC_DF_011 -->
  <testcase classname="com.sb.testcases.TC_Allagents_seller" name="TC_DF_023">
    <skipped/>
  </testcase> <!-- TC_DF_023 -->
  <testcase classname="com.sb.testcases.TC_Allagents_seller" name="TC_DF_021">
    <skipped/>
  </testcase> <!-- TC_DF_021 -->
  <testcase classname="com.sb.testcases.TC_Allagents_seller" name="TC_DF_005">
    <skipped/>
  </testcase> <!-- TC_DF_005 -->
  <testcase classname="com.sb.testcases.TC_Allagents_seller" name="TC_DF_015">
    <skipped/>
  </testcase> <!-- TC_DF_015 -->
  <testcase classname="com.sb.testcases.TC_Allagents_seller" name="TC_DF_027">
    <skipped/>
  </testcase> <!-- TC_DF_027 -->
  <testcase classname="com.sb.testcases.TC_Allagents_seller" name="TC_DF_003">
    <skipped/>
  </testcase> <!-- TC_DF_003 -->
  <testcase classname="com.sb.testcases.TC_Allagents_seller" name="TC_DF_013">
    <skipped/>
  </testcase> <!-- TC_DF_013 -->
  <testcase classname="com.sb.testcases.TC_Allagents_seller" name="TC_DF_009">
    <skipped/>
  </testcase> <!-- TC_DF_009 -->
  <testcase classname="com.sb.testcases.TC_Allagents_seller" name="TC_DF_019">
    <skipped/>
  </testcase> <!-- TC_DF_019 -->
  <testcase classname="com.sb.testcases.TC_Allagents_seller" name="TC_DF_007">
    <skipped/>
  </testcase> <!-- TC_DF_007 -->
  <testcase classname="com.sb.testcases.TC_Allagents_seller" name="TC_DF_017">
    <skipped/>
  </testcase> <!-- TC_DF_017 -->
</testsuite> <!-- com.sb.testcases.TC_Allagents_seller -->
