<?xml version="1.0" encoding="UTF-8"?>
<!-- Generated by org.testng.reporters.JUnitReportReporter -->
<testsuite hostname="DESKTOP-O2MUR00" failures="0" tests="11" name="com.sb.testcases.TC_Marketingtool_seller" time="72.560" errors="0" timestamp="2023-08-07T11:41:05 IST" skipped="0">
  <testcase classname="com.sb.testcases.TC_Marketingtool_seller" name="TC_MT_007" time="5.336"/>
  <testcase classname="com.sb.testcases.TC_Marketingtool_seller" name="TC_MT_010" time="5.619"/>
  <testcase classname="com.sb.testcases.TC_Marketingtool_seller" name="TC_MT_009" time="6.301"/>
  <testcase classname="com.sb.testcases.TC_Marketingtool_seller" name="TC_MT_005" time="8.164"/>
  <testcase classname="com.sb.testcases.TC_Marketingtool_seller" name="TC_MT_003" time="8.902"/>
  <testcase classname="com.sb.testcases.TC_Marketingtool_seller" name="TC_MT_004" time="5.609"/>
  <testcase classname="com.sb.testcases.TC_Marketingtool_seller" name="TC_MT_002" time="8.367"/>
  <testcase classname="com.sb.testcases.TC_Marketingtool_seller" name="TC_MT_011" time="5.556"/>
  <testcase classname="com.sb.testcases.TC_Marketingtool_seller" name="TC_MT_006" time="5.488"/>
  <testcase classname="com.sb.testcases.TC_Marketingtool_seller" name="TC_MT_001" time="5.435"/>
  <testcase classname="com.sb.testcases.TC_Marketingtool_seller" name="TC_MT_008" time="7.783"/>
</testsuite> <!-- com.sb.testcases.TC_Marketingtool_seller -->
